[0.016s] Invoking command in '/home/njoy/ROS/ros_ws/turtlebot3_ws/build/dynamixel_sdk_examples': AMENT_PREFIX_PATH=/home/njoy/ROS/ros_ws/turtlebot3_ws/install/dynamixel_sdk_custom_interfaces:/home/njoy/ROS/ros_ws/turtlebot3_ws/install/dynamixel_sdk:${AMENT_PREFIX_PATH} CMAKE_PREFIX_PATH=/home/njoy/ROS/ros_ws/turtlebot3_ws/install/dynamixel_sdk_custom_interfaces:/home/njoy/ROS/ros_ws/turtlebot3_ws/install/dynamixel_sdk:/opt/ros/jazzy/opt/gz_sim_vendor:/opt/ros/jazzy/opt/gz_sensors_vendor:/opt/ros/jazzy/opt/gz_physics_vendor:/opt/ros/jazzy/opt/sdformat_vendor:/opt/ros/jazzy/opt/gz_gui_vendor:/opt/ros/jazzy/opt/gz_transport_vendor:/opt/ros/jazzy/opt/gz_rendering_vendor:/opt/ros/jazzy/opt/gz_plugin_vendor:/opt/ros/jazzy/opt/gz_fuel_tools_vendor:/opt/ros/jazzy/opt/gz_msgs_vendor:/opt/ros/jazzy/opt/gz_common_vendor:/opt/ros/jazzy/opt/gz_tools_vendor:/opt/ros/jazzy/opt/gz_ogre_next_vendor:/opt/ros/jazzy/opt/gz_dartsim_vendor:/opt/ros/jazzy/opt/gz_math_vendor:/opt/ros/jazzy/opt/gz_utils_vendor:/opt/ros/jazzy/opt/gz_cmake_vendor:/opt/ros/jazzy DEBUGINFOD_URLS=ima:enforcing https://debuginfod.fedoraproject.org/ ima:ignore LD_LIBRARY_PATH=/home/njoy/ROS/ros_ws/turtlebot3_ws/install/dynamixel_sdk_custom_interfaces/lib:/home/njoy/ROS/ros_ws/turtlebot3_ws/install/dynamixel_sdk/lib:${LD_LIBRARY_PATH} PS1=📦[\u@rover-dev-container \W]$ PYTHONPATH=/home/njoy/ROS/ros_ws/turtlebot3_ws/install/dynamixel_sdk_custom_interfaces/lib/python3.12/site-packages:/home/njoy/ROS/ros_ws/turtlebot3_ws/install/dynamixel_sdk/lib/python3.12/site-packages:${PYTHONPATH} /usr/bin/cmake /home/njoy/ROS/ros_ws/turtlebot3_ws/src/DynamixelSDK/ros/dynamixel_sdk_examples -DAMENT_CMAKE_SYMLINK_INSTALL=1 -DCMAKE_INSTALL_PREFIX=/home/njoy/ROS/ros_ws/turtlebot3_ws/install/dynamixel_sdk_examples
[0.082s] -- The C compiler identification is GNU 13.3.0
[0.144s] -- The CXX compiler identification is GNU 13.3.0
[0.168s] -- Detecting C compiler ABI info
[0.293s] -- Detecting C compiler ABI info - done
[0.301s] -- Check for working C compiler: /usr/bin/cc - skipped
[0.302s] -- Detecting C compile features
[0.302s] -- Detecting C compile features - done
[0.316s] -- Detecting CXX compiler ABI info
[0.450s] -- Detecting CXX compiler ABI info - done
[0.458s] -- Check for working CXX compiler: /usr/bin/c++ - skipped
[0.459s] -- Detecting CXX compile features
[0.459s] -- Detecting CXX compile features - done
[0.468s] -- Found ament_cmake: 2.5.6 (/opt/ros/jazzy/share/ament_cmake/cmake)
[0.646s] -- Found Python3: /usr/bin/python3 (found version "3.12.3") found components: Interpreter 
[0.716s] -- Override CMake install command with custom implementation using symlinks instead of copying resources
[0.817s] -- Found dynamixel_sdk: 4.0.5 (/home/njoy/ROS/ros_ws/turtlebot3_ws/install/dynamixel_sdk/share/dynamixel_sdk/cmake)
[0.821s] -- Found dynamixel_sdk_custom_interfaces: 4.0.5 (/home/njoy/ROS/ros_ws/turtlebot3_ws/install/dynamixel_sdk_custom_interfaces/share/dynamixel_sdk_custom_interfaces/cmake)
[0.902s] -- Found rosidl_generator_c: 4.6.7 (/opt/ros/jazzy/share/rosidl_generator_c/cmake)
[0.931s] -- Found rosidl_generator_cpp: 4.6.7 (/opt/ros/jazzy/share/rosidl_generator_cpp/cmake)
[0.960s] -- Using all available rosidl_typesupport_c: rosidl_typesupport_fastrtps_c;rosidl_typesupport_introspection_c
[0.995s] -- Using all available rosidl_typesupport_cpp: rosidl_typesupport_fastrtps_cpp;rosidl_typesupport_introspection_cpp
[1.079s] -- Found rclcpp: 28.1.18 (/opt/ros/jazzy/share/rclcpp/cmake)
[1.179s] -- Found rmw_implementation_cmake: 7.3.3 (/opt/ros/jazzy/share/rmw_implementation_cmake/cmake)
[1.189s] -- Found rmw_fastrtps_cpp: 8.4.3 (/opt/ros/jazzy/share/rmw_fastrtps_cpp/cmake)
[1.355s] -- Found OpenSSL: /usr/lib/x86_64-linux-gnu/libcrypto.so (found version "3.0.13")  
[1.383s] -- Found FastRTPS: /opt/ros/jazzy/include (Required is at least version "2.13") 
[1.409s] -- Using RMW implementation 'rmw_fastrtps_cpp' as default
[1.523s] -- Found rclpy: 7.1.11 (/opt/ros/jazzy/share/rclpy/cmake)
[1.531s] -- Found ament_lint_auto: 0.17.5 (/opt/ros/jazzy/share/ament_lint_auto/cmake)
[1.703s] -- Added test 'copyright' to check source files copyright and LICENSE
[1.706s] -- Added test 'cppcheck' to perform static code analysis on C / C++ code
[1.706s] -- Configured cppcheck include dirs: /home/njoy/ROS/ros_ws/turtlebot3_ws/src/DynamixelSDK/ros/dynamixel_sdk_examples/include
[1.706s] -- Configured cppcheck exclude dirs and/or files: 
[1.708s] -- Added test 'cpplint' to check C / C++ code against the Google style
[1.709s] -- Configured cpplint exclude dirs and/or files: 
[1.710s] -- Added test 'flake8' to check Python code syntax and style conventions
[1.710s] -- Configured 'flake8' exclude dirs and/or files: 
[1.712s] -- Added test 'lint_cmake' to check CMake code style
[1.714s] -- Added test 'pep257' to check Python code against some of the docstring style conventions in PEP 257
[1.718s] -- Added test 'uncrustify' to check C / C++ code style
[1.718s] -- Configured uncrustify additional arguments: 
[1.719s] -- Added test 'xmllint' to check XML markup files
[1.725s] -- Configuring done (1.7s)
[1.751s] -- Generating done (0.0s)
[1.756s] -- Build files have been written to: /home/njoy/ROS/ros_ws/turtlebot3_ws/build/dynamixel_sdk_examples
[1.771s] Invoked command in '/home/njoy/ROS/ros_ws/turtlebot3_ws/build/dynamixel_sdk_examples' returned '0': AMENT_PREFIX_PATH=/home/njoy/ROS/ros_ws/turtlebot3_ws/install/dynamixel_sdk_custom_interfaces:/home/njoy/ROS/ros_ws/turtlebot3_ws/install/dynamixel_sdk:${AMENT_PREFIX_PATH} CMAKE_PREFIX_PATH=/home/njoy/ROS/ros_ws/turtlebot3_ws/install/dynamixel_sdk_custom_interfaces:/home/njoy/ROS/ros_ws/turtlebot3_ws/install/dynamixel_sdk:/opt/ros/jazzy/opt/gz_sim_vendor:/opt/ros/jazzy/opt/gz_sensors_vendor:/opt/ros/jazzy/opt/gz_physics_vendor:/opt/ros/jazzy/opt/sdformat_vendor:/opt/ros/jazzy/opt/gz_gui_vendor:/opt/ros/jazzy/opt/gz_transport_vendor:/opt/ros/jazzy/opt/gz_rendering_vendor:/opt/ros/jazzy/opt/gz_plugin_vendor:/opt/ros/jazzy/opt/gz_fuel_tools_vendor:/opt/ros/jazzy/opt/gz_msgs_vendor:/opt/ros/jazzy/opt/gz_common_vendor:/opt/ros/jazzy/opt/gz_tools_vendor:/opt/ros/jazzy/opt/gz_ogre_next_vendor:/opt/ros/jazzy/opt/gz_dartsim_vendor:/opt/ros/jazzy/opt/gz_math_vendor:/opt/ros/jazzy/opt/gz_utils_vendor:/opt/ros/jazzy/opt/gz_cmake_vendor:/opt/ros/jazzy DEBUGINFOD_URLS=ima:enforcing https://debuginfod.fedoraproject.org/ ima:ignore LD_LIBRARY_PATH=/home/njoy/ROS/ros_ws/turtlebot3_ws/install/dynamixel_sdk_custom_interfaces/lib:/home/njoy/ROS/ros_ws/turtlebot3_ws/install/dynamixel_sdk/lib:${LD_LIBRARY_PATH} PS1=📦[\u@rover-dev-container \W]$ PYTHONPATH=/home/njoy/ROS/ros_ws/turtlebot3_ws/install/dynamixel_sdk_custom_interfaces/lib/python3.12/site-packages:/home/njoy/ROS/ros_ws/turtlebot3_ws/install/dynamixel_sdk/lib/python3.12/site-packages:${PYTHONPATH} /usr/bin/cmake /home/njoy/ROS/ros_ws/turtlebot3_ws/src/DynamixelSDK/ros/dynamixel_sdk_examples -DAMENT_CMAKE_SYMLINK_INSTALL=1 -DCMAKE_INSTALL_PREFIX=/home/njoy/ROS/ros_ws/turtlebot3_ws/install/dynamixel_sdk_examples
[1.772s] Invoking command in '/home/njoy/ROS/ros_ws/turtlebot3_ws/build/dynamixel_sdk_examples': AMENT_PREFIX_PATH=/home/njoy/ROS/ros_ws/turtlebot3_ws/install/dynamixel_sdk_custom_interfaces:/home/njoy/ROS/ros_ws/turtlebot3_ws/install/dynamixel_sdk:${AMENT_PREFIX_PATH} CMAKE_PREFIX_PATH=/home/njoy/ROS/ros_ws/turtlebot3_ws/install/dynamixel_sdk_custom_interfaces:/home/njoy/ROS/ros_ws/turtlebot3_ws/install/dynamixel_sdk:/opt/ros/jazzy/opt/gz_sim_vendor:/opt/ros/jazzy/opt/gz_sensors_vendor:/opt/ros/jazzy/opt/gz_physics_vendor:/opt/ros/jazzy/opt/sdformat_vendor:/opt/ros/jazzy/opt/gz_gui_vendor:/opt/ros/jazzy/opt/gz_transport_vendor:/opt/ros/jazzy/opt/gz_rendering_vendor:/opt/ros/jazzy/opt/gz_plugin_vendor:/opt/ros/jazzy/opt/gz_fuel_tools_vendor:/opt/ros/jazzy/opt/gz_msgs_vendor:/opt/ros/jazzy/opt/gz_common_vendor:/opt/ros/jazzy/opt/gz_tools_vendor:/opt/ros/jazzy/opt/gz_ogre_next_vendor:/opt/ros/jazzy/opt/gz_dartsim_vendor:/opt/ros/jazzy/opt/gz_math_vendor:/opt/ros/jazzy/opt/gz_utils_vendor:/opt/ros/jazzy/opt/gz_cmake_vendor:/opt/ros/jazzy DEBUGINFOD_URLS=ima:enforcing https://debuginfod.fedoraproject.org/ ima:ignore LD_LIBRARY_PATH=/home/njoy/ROS/ros_ws/turtlebot3_ws/install/dynamixel_sdk_custom_interfaces/lib:/home/njoy/ROS/ros_ws/turtlebot3_ws/install/dynamixel_sdk/lib:${LD_LIBRARY_PATH} PS1=📦[\u@rover-dev-container \W]$ PYTHONPATH=/home/njoy/ROS/ros_ws/turtlebot3_ws/install/dynamixel_sdk_custom_interfaces/lib/python3.12/site-packages:/home/njoy/ROS/ros_ws/turtlebot3_ws/install/dynamixel_sdk/lib/python3.12/site-packages:${PYTHONPATH} /usr/bin/cmake --build /home/njoy/ROS/ros_ws/turtlebot3_ws/build/dynamixel_sdk_examples -- -j16 -l16
[1.855s] [ 50%] [32mBuilding CXX object CMakeFiles/read_write_node.dir/src/read_write_node.cpp.o[0m
[10.064s] [100%] [32m[1mLinking CXX executable read_write_node[0m
[10.717s] [100%] Built target read_write_node
[10.744s] Invoked command in '/home/njoy/ROS/ros_ws/turtlebot3_ws/build/dynamixel_sdk_examples' returned '0': AMENT_PREFIX_PATH=/home/njoy/ROS/ros_ws/turtlebot3_ws/install/dynamixel_sdk_custom_interfaces:/home/njoy/ROS/ros_ws/turtlebot3_ws/install/dynamixel_sdk:${AMENT_PREFIX_PATH} CMAKE_PREFIX_PATH=/home/njoy/ROS/ros_ws/turtlebot3_ws/install/dynamixel_sdk_custom_interfaces:/home/njoy/ROS/ros_ws/turtlebot3_ws/install/dynamixel_sdk:/opt/ros/jazzy/opt/gz_sim_vendor:/opt/ros/jazzy/opt/gz_sensors_vendor:/opt/ros/jazzy/opt/gz_physics_vendor:/opt/ros/jazzy/opt/sdformat_vendor:/opt/ros/jazzy/opt/gz_gui_vendor:/opt/ros/jazzy/opt/gz_transport_vendor:/opt/ros/jazzy/opt/gz_rendering_vendor:/opt/ros/jazzy/opt/gz_plugin_vendor:/opt/ros/jazzy/opt/gz_fuel_tools_vendor:/opt/ros/jazzy/opt/gz_msgs_vendor:/opt/ros/jazzy/opt/gz_common_vendor:/opt/ros/jazzy/opt/gz_tools_vendor:/opt/ros/jazzy/opt/gz_ogre_next_vendor:/opt/ros/jazzy/opt/gz_dartsim_vendor:/opt/ros/jazzy/opt/gz_math_vendor:/opt/ros/jazzy/opt/gz_utils_vendor:/opt/ros/jazzy/opt/gz_cmake_vendor:/opt/ros/jazzy DEBUGINFOD_URLS=ima:enforcing https://debuginfod.fedoraproject.org/ ima:ignore LD_LIBRARY_PATH=/home/njoy/ROS/ros_ws/turtlebot3_ws/install/dynamixel_sdk_custom_interfaces/lib:/home/njoy/ROS/ros_ws/turtlebot3_ws/install/dynamixel_sdk/lib:${LD_LIBRARY_PATH} PS1=📦[\u@rover-dev-container \W]$ PYTHONPATH=/home/njoy/ROS/ros_ws/turtlebot3_ws/install/dynamixel_sdk_custom_interfaces/lib/python3.12/site-packages:/home/njoy/ROS/ros_ws/turtlebot3_ws/install/dynamixel_sdk/lib/python3.12/site-packages:${PYTHONPATH} /usr/bin/cmake --build /home/njoy/ROS/ros_ws/turtlebot3_ws/build/dynamixel_sdk_examples -- -j16 -l16
[10.746s] Invoking command in '/home/njoy/ROS/ros_ws/turtlebot3_ws/build/dynamixel_sdk_examples': AMENT_PREFIX_PATH=/home/njoy/ROS/ros_ws/turtlebot3_ws/install/dynamixel_sdk_custom_interfaces:/home/njoy/ROS/ros_ws/turtlebot3_ws/install/dynamixel_sdk:${AMENT_PREFIX_PATH} CMAKE_PREFIX_PATH=/home/njoy/ROS/ros_ws/turtlebot3_ws/install/dynamixel_sdk_custom_interfaces:/home/njoy/ROS/ros_ws/turtlebot3_ws/install/dynamixel_sdk:/opt/ros/jazzy/opt/gz_sim_vendor:/opt/ros/jazzy/opt/gz_sensors_vendor:/opt/ros/jazzy/opt/gz_physics_vendor:/opt/ros/jazzy/opt/sdformat_vendor:/opt/ros/jazzy/opt/gz_gui_vendor:/opt/ros/jazzy/opt/gz_transport_vendor:/opt/ros/jazzy/opt/gz_rendering_vendor:/opt/ros/jazzy/opt/gz_plugin_vendor:/opt/ros/jazzy/opt/gz_fuel_tools_vendor:/opt/ros/jazzy/opt/gz_msgs_vendor:/opt/ros/jazzy/opt/gz_common_vendor:/opt/ros/jazzy/opt/gz_tools_vendor:/opt/ros/jazzy/opt/gz_ogre_next_vendor:/opt/ros/jazzy/opt/gz_dartsim_vendor:/opt/ros/jazzy/opt/gz_math_vendor:/opt/ros/jazzy/opt/gz_utils_vendor:/opt/ros/jazzy/opt/gz_cmake_vendor:/opt/ros/jazzy DEBUGINFOD_URLS=ima:enforcing https://debuginfod.fedoraproject.org/ ima:ignore LD_LIBRARY_PATH=/home/njoy/ROS/ros_ws/turtlebot3_ws/install/dynamixel_sdk_custom_interfaces/lib:/home/njoy/ROS/ros_ws/turtlebot3_ws/install/dynamixel_sdk/lib:${LD_LIBRARY_PATH} PS1=📦[\u@rover-dev-container \W]$ PYTHONPATH=/home/njoy/ROS/ros_ws/turtlebot3_ws/install/dynamixel_sdk_custom_interfaces/lib/python3.12/site-packages:/home/njoy/ROS/ros_ws/turtlebot3_ws/install/dynamixel_sdk/lib/python3.12/site-packages:${PYTHONPATH} /usr/bin/cmake --install /home/njoy/ROS/ros_ws/turtlebot3_ws/build/dynamixel_sdk_examples
[10.765s] -- Install configuration: ""
[10.773s] -- Execute custom install script
[10.774s] -- Symlinking: /home/njoy/ROS/ros_ws/turtlebot3_ws/install/dynamixel_sdk_examples/lib/dynamixel_sdk_examples/read_write_node
[10.796s] -- Symlinking: /home/njoy/ROS/ros_ws/turtlebot3_ws/install/dynamixel_sdk_examples/lib/dynamixel_sdk_examples/read_write_node.py
[10.817s] -- Symlinking: /home/njoy/ROS/ros_ws/turtlebot3_ws/install/dynamixel_sdk_examples/share/ament_index/resource_index/package_run_dependencies/dynamixel_sdk_examples
[10.838s] -- Symlinking: /home/njoy/ROS/ros_ws/turtlebot3_ws/install/dynamixel_sdk_examples/share/ament_index/resource_index/parent_prefix_path/dynamixel_sdk_examples
[10.860s] -- Symlinking: /home/njoy/ROS/ros_ws/turtlebot3_ws/install/dynamixel_sdk_examples/share/dynamixel_sdk_examples/environment/ament_prefix_path.sh
[10.881s] -- Symlinking: /home/njoy/ROS/ros_ws/turtlebot3_ws/install/dynamixel_sdk_examples/share/dynamixel_sdk_examples/environment/ament_prefix_path.dsv
[10.902s] -- Symlinking: /home/njoy/ROS/ros_ws/turtlebot3_ws/install/dynamixel_sdk_examples/share/dynamixel_sdk_examples/environment/path.sh
[10.926s] -- Symlinking: /home/njoy/ROS/ros_ws/turtlebot3_ws/install/dynamixel_sdk_examples/share/dynamixel_sdk_examples/environment/path.dsv
[10.949s] -- Symlinking: /home/njoy/ROS/ros_ws/turtlebot3_ws/install/dynamixel_sdk_examples/share/dynamixel_sdk_examples/local_setup.bash
[10.975s] -- Symlinking: /home/njoy/ROS/ros_ws/turtlebot3_ws/install/dynamixel_sdk_examples/share/dynamixel_sdk_examples/local_setup.sh
[10.997s] -- Symlinking: /home/njoy/ROS/ros_ws/turtlebot3_ws/install/dynamixel_sdk_examples/share/dynamixel_sdk_examples/local_setup.zsh
[11.021s] -- Symlinking: /home/njoy/ROS/ros_ws/turtlebot3_ws/install/dynamixel_sdk_examples/share/dynamixel_sdk_examples/local_setup.dsv
[11.045s] -- Symlinking: /home/njoy/ROS/ros_ws/turtlebot3_ws/install/dynamixel_sdk_examples/share/dynamixel_sdk_examples/package.dsv
[11.068s] -- Symlinking: /home/njoy/ROS/ros_ws/turtlebot3_ws/install/dynamixel_sdk_examples/share/ament_index/resource_index/packages/dynamixel_sdk_examples
[11.091s] -- Symlinking: /home/njoy/ROS/ros_ws/turtlebot3_ws/install/dynamixel_sdk_examples/share/dynamixel_sdk_examples/cmake/dynamixel_sdk_examplesConfig.cmake
[11.116s] -- Symlinking: /home/njoy/ROS/ros_ws/turtlebot3_ws/install/dynamixel_sdk_examples/share/dynamixel_sdk_examples/cmake/dynamixel_sdk_examplesConfig-version.cmake
[11.149s] -- Symlinking: /home/njoy/ROS/ros_ws/turtlebot3_ws/install/dynamixel_sdk_examples/share/dynamixel_sdk_examples/package.xml
[11.178s] Invoked command in '/home/njoy/ROS/ros_ws/turtlebot3_ws/build/dynamixel_sdk_examples' returned '0': AMENT_PREFIX_PATH=/home/njoy/ROS/ros_ws/turtlebot3_ws/install/dynamixel_sdk_custom_interfaces:/home/njoy/ROS/ros_ws/turtlebot3_ws/install/dynamixel_sdk:${AMENT_PREFIX_PATH} CMAKE_PREFIX_PATH=/home/njoy/ROS/ros_ws/turtlebot3_ws/install/dynamixel_sdk_custom_interfaces:/home/njoy/ROS/ros_ws/turtlebot3_ws/install/dynamixel_sdk:/opt/ros/jazzy/opt/gz_sim_vendor:/opt/ros/jazzy/opt/gz_sensors_vendor:/opt/ros/jazzy/opt/gz_physics_vendor:/opt/ros/jazzy/opt/sdformat_vendor:/opt/ros/jazzy/opt/gz_gui_vendor:/opt/ros/jazzy/opt/gz_transport_vendor:/opt/ros/jazzy/opt/gz_rendering_vendor:/opt/ros/jazzy/opt/gz_plugin_vendor:/opt/ros/jazzy/opt/gz_fuel_tools_vendor:/opt/ros/jazzy/opt/gz_msgs_vendor:/opt/ros/jazzy/opt/gz_common_vendor:/opt/ros/jazzy/opt/gz_tools_vendor:/opt/ros/jazzy/opt/gz_ogre_next_vendor:/opt/ros/jazzy/opt/gz_dartsim_vendor:/opt/ros/jazzy/opt/gz_math_vendor:/opt/ros/jazzy/opt/gz_utils_vendor:/opt/ros/jazzy/opt/gz_cmake_vendor:/opt/ros/jazzy DEBUGINFOD_URLS=ima:enforcing https://debuginfod.fedoraproject.org/ ima:ignore LD_LIBRARY_PATH=/home/njoy/ROS/ros_ws/turtlebot3_ws/install/dynamixel_sdk_custom_interfaces/lib:/home/njoy/ROS/ros_ws/turtlebot3_ws/install/dynamixel_sdk/lib:${LD_LIBRARY_PATH} PS1=📦[\u@rover-dev-container \W]$ PYTHONPATH=/home/njoy/ROS/ros_ws/turtlebot3_ws/install/dynamixel_sdk_custom_interfaces/lib/python3.12/site-packages:/home/njoy/ROS/ros_ws/turtlebot3_ws/install/dynamixel_sdk/lib/python3.12/site-packages:${PYTHONPATH} /usr/bin/cmake --install /home/njoy/ROS/ros_ws/turtlebot3_ws/build/dynamixel_sdk_examples
