[0.064s] Invoking command in '/home/njoy/ROS/ros_ws/turtlebot3_ws/build/dynamixel_sdk': CMAKE_PREFIX_PATH=${CMAKE_PREFIX_PATH}:/opt/ros/jazzy DEBUGINFOD_URLS=ima:enforcing https://debuginfod.fedoraproject.org/ ima:ignore PS1=📦[\u@rover-dev-container \W]$ /usr/bin/cmake /home/njoy/ROS/ros_ws/turtlebot3_ws/src/DynamixelSDK/ros/dynamixel_sdk -DAMENT_CMAKE_SYMLINK_INSTALL=1 -DCMAKE_INSTALL_PREFIX=/home/njoy/ROS/ros_ws/turtlebot3_ws/install/dynamixel_sdk
[0.198s] -- The C compiler identification is GNU 13.3.0
[0.304s] -- The CXX compiler identification is GNU 13.3.0
[0.340s] -- Detecting C compiler ABI info
[0.539s] -- Detecting C compiler ABI info - done
[0.556s] -- Check for working C compiler: /usr/bin/cc - skipped
[0.556s] -- Detecting C compile features
[0.557s] -- Detecting C compile features - done
[0.578s] -- Detecting CXX compiler ABI info
[0.802s] -- Detecting CXX compiler ABI info - done
[0.819s] -- Check for working CXX compiler: /usr/bin/c++ - skipped
[0.820s] -- Detecting CXX compile features
[0.820s] -- Detecting CXX compile features - done
[0.836s] -- Found ament_cmake: 2.5.6 (/opt/ros/jazzy/share/ament_cmake/cmake)
[1.179s] -- Found Python3: /usr/bin/python3 (found version "3.12.3") found components: Interpreter 
[1.321s] -- Override CMake install command with custom implementation using symlinks instead of copying resources
[1.814s] -- Configuring done (1.7s)
[1.826s] -- Generating done (0.0s)
[1.829s] -- Build files have been written to: /home/njoy/ROS/ros_ws/turtlebot3_ws/build/dynamixel_sdk
[1.836s] Invoked command in '/home/njoy/ROS/ros_ws/turtlebot3_ws/build/dynamixel_sdk' returned '0': CMAKE_PREFIX_PATH=${CMAKE_PREFIX_PATH}:/opt/ros/jazzy DEBUGINFOD_URLS=ima:enforcing https://debuginfod.fedoraproject.org/ ima:ignore PS1=📦[\u@rover-dev-container \W]$ /usr/bin/cmake /home/njoy/ROS/ros_ws/turtlebot3_ws/src/DynamixelSDK/ros/dynamixel_sdk -DAMENT_CMAKE_SYMLINK_INSTALL=1 -DCMAKE_INSTALL_PREFIX=/home/njoy/ROS/ros_ws/turtlebot3_ws/install/dynamixel_sdk
[1.838s] Invoking command in '/home/njoy/ROS/ros_ws/turtlebot3_ws/build/dynamixel_sdk': CMAKE_PREFIX_PATH=${CMAKE_PREFIX_PATH}:/opt/ros/jazzy DEBUGINFOD_URLS=ima:enforcing https://debuginfod.fedoraproject.org/ ima:ignore PS1=📦[\u@rover-dev-container \W]$ /usr/bin/cmake --build /home/njoy/ROS/ros_ws/turtlebot3_ws/build/dynamixel_sdk -- -j16 -l16
[1.910s] [  5%] [32mBuilding CXX object CMakeFiles/dynamixel_sdk.dir/src/dynamixel_sdk/packet_handler.cpp.o[0m
[1.910s] [ 11%] [32mBuilding CXX object CMakeFiles/dynamixel_sdk.dir/src/dynamixel_sdk/group_sync_read.cpp.o[0m
[1.910s] [ 16%] [32mBuilding CXX object CMakeFiles/dynamixel_sdk.dir/src/dynamixel_sdk/protocol1_packet_handler.cpp.o[0m
[1.910s] [ 22%] [32mBuilding CXX object CMakeFiles/dynamixel_sdk.dir/src/dynamixel_sdk/group_sync_write.cpp.o[0m
[1.911s] [ 27%] [32mBuilding CXX object CMakeFiles/dynamixel_sdk.dir/src/dynamixel_sdk/group_bulk_read.cpp.o[0m
[1.912s] [ 33%] [32mBuilding CXX object CMakeFiles/dynamixel_sdk.dir/src/dynamixel_sdk/group_bulk_write.cpp.o[0m
[1.916s] [ 38%] [32mBuilding CXX object CMakeFiles/dynamixel_sdk.dir/src/dynamixel_sdk/protocol2_packet_handler.cpp.o[0m
[1.920s] [ 44%] [32mBuilding CXX object CMakeFiles/dynamixel_sdk.dir/src/dynamixel_sdk/group_fast_sync_read.cpp.o[0m
[1.923s] [ 50%] [32mBuilding CXX object CMakeFiles/dynamixel_sdk.dir/src/dynamixel_easy_sdk/connector.cpp.o[0m
[1.923s] [ 55%] [32mBuilding CXX object CMakeFiles/dynamixel_sdk.dir/src/dynamixel_sdk/group_fast_bulk_read.cpp.o[0m
[1.923s] [ 61%] [32mBuilding CXX object CMakeFiles/dynamixel_sdk.dir/src/dynamixel_easy_sdk/control_table.cpp.o[0m
[1.931s] [ 72%] [32mBuilding CXX object CMakeFiles/dynamixel_sdk.dir/src/dynamixel_sdk/group_handler.cpp.o[0m
[1.931s] [ 72%] [32mBuilding CXX object CMakeFiles/dynamixel_sdk.dir/src/dynamixel_easy_sdk/dynamixel_error.cpp.o[0m
[1.931s] [ 77%] [32mBuilding CXX object CMakeFiles/dynamixel_sdk.dir/src/dynamixel_sdk/port_handler.cpp.o[0m
[1.931s] [ 77%] Built target ament_cmake_python_symlink_dynamixel_easy_sdk
[1.936s] [ 77%] Built target ament_cmake_python_symlink_dynamixel_sdk
[1.955s] [ 83%] [32mBuilding CXX object CMakeFiles/dynamixel_sdk.dir/src/dynamixel_easy_sdk/motor.cpp.o[0m
[1.959s] [ 88%] [32mBuilding CXX object CMakeFiles/dynamixel_sdk.dir/src/dynamixel_easy_sdk/group_executor.cpp.o[0m
[2.025s] [ 94%] [32mBuilding CXX object CMakeFiles/dynamixel_sdk.dir/src/dynamixel_sdk/port_handler_linux.cpp.o[0m
[2.628s] running egg_info
[2.629s] creating dynamixel_easy_sdk.egg-info
[2.649s] writing dynamixel_easy_sdk.egg-info/PKG-INFO
[2.649s] writing dependency_links to dynamixel_easy_sdk.egg-info/dependency_links.txt
[2.649s] writing top-level names to dynamixel_easy_sdk.egg-info/top_level.txt
[2.649s] writing manifest file 'dynamixel_easy_sdk.egg-info/SOURCES.txt'
[2.706s] reading manifest file 'dynamixel_easy_sdk.egg-info/SOURCES.txt'
[2.706s] writing manifest file 'dynamixel_easy_sdk.egg-info/SOURCES.txt'
[2.752s] [ 94%] Built target ament_cmake_python_build_dynamixel_easy_sdk_egg
[2.988s] running egg_info
[2.988s] creating dynamixel_sdk.egg-info
[3.008s] writing dynamixel_sdk.egg-info/PKG-INFO
[3.008s] writing dependency_links to dynamixel_sdk.egg-info/dependency_links.txt
[3.008s] writing top-level names to dynamixel_sdk.egg-info/top_level.txt
[3.008s] writing manifest file 'dynamixel_sdk.egg-info/SOURCES.txt'
[3.064s] reading manifest file 'dynamixel_sdk.egg-info/SOURCES.txt'
[3.065s] writing manifest file 'dynamixel_sdk.egg-info/SOURCES.txt'
[3.107s] [ 94%] Built target ament_cmake_python_build_dynamixel_sdk_egg
[3.292s] [100%] [32m[1mLinking CXX shared library libdynamixel_sdk.so[0m
[3.408s] [100%] Built target dynamixel_sdk
[3.427s] Invoked command in '/home/njoy/ROS/ros_ws/turtlebot3_ws/build/dynamixel_sdk' returned '0': CMAKE_PREFIX_PATH=${CMAKE_PREFIX_PATH}:/opt/ros/jazzy DEBUGINFOD_URLS=ima:enforcing https://debuginfod.fedoraproject.org/ ima:ignore PS1=📦[\u@rover-dev-container \W]$ /usr/bin/cmake --build /home/njoy/ROS/ros_ws/turtlebot3_ws/build/dynamixel_sdk -- -j16 -l16
[3.428s] Invoking command in '/home/njoy/ROS/ros_ws/turtlebot3_ws/build/dynamixel_sdk': CMAKE_PREFIX_PATH=${CMAKE_PREFIX_PATH}:/opt/ros/jazzy DEBUGINFOD_URLS=ima:enforcing https://debuginfod.fedoraproject.org/ ima:ignore PS1=📦[\u@rover-dev-container \W]$ /usr/bin/cmake --install /home/njoy/ROS/ros_ws/turtlebot3_ws/build/dynamixel_sdk
[3.441s] -- Install configuration: ""
[3.441s] -- Execute custom install script
[3.442s] -- Symlinking: /home/njoy/ROS/ros_ws/turtlebot3_ws/install/dynamixel_sdk/include//dynamixel_easy_sdk/connector.hpp
[3.455s] -- Symlinking: /home/njoy/ROS/ros_ws/turtlebot3_ws/install/dynamixel_sdk/include//dynamixel_easy_sdk/control_table.hpp
[3.468s] -- Symlinking: /home/njoy/ROS/ros_ws/turtlebot3_ws/install/dynamixel_sdk/include//dynamixel_easy_sdk/data_types.hpp
[3.481s] -- Symlinking: /home/njoy/ROS/ros_ws/turtlebot3_ws/install/dynamixel_sdk/include//dynamixel_easy_sdk/dynamixel_easy_sdk.hpp
[3.494s] -- Symlinking: /home/njoy/ROS/ros_ws/turtlebot3_ws/install/dynamixel_sdk/include//dynamixel_easy_sdk/dynamixel_error.hpp
[3.507s] -- Symlinking: /home/njoy/ROS/ros_ws/turtlebot3_ws/install/dynamixel_sdk/include//dynamixel_easy_sdk/group_executor.hpp
[3.520s] -- Symlinking: /home/njoy/ROS/ros_ws/turtlebot3_ws/install/dynamixel_sdk/include//dynamixel_easy_sdk/motor.hpp
[3.533s] -- Symlinking: /home/njoy/ROS/ros_ws/turtlebot3_ws/install/dynamixel_sdk/include//dynamixel_sdk/dynamixel_sdk.h
[3.546s] -- Symlinking: /home/njoy/ROS/ros_ws/turtlebot3_ws/install/dynamixel_sdk/include//dynamixel_sdk/group_bulk_read.h
[3.558s] -- Symlinking: /home/njoy/ROS/ros_ws/turtlebot3_ws/install/dynamixel_sdk/include//dynamixel_sdk/group_bulk_write.h
[3.571s] -- Symlinking: /home/njoy/ROS/ros_ws/turtlebot3_ws/install/dynamixel_sdk/include//dynamixel_sdk/group_fast_bulk_read.h
[3.585s] -- Symlinking: /home/njoy/ROS/ros_ws/turtlebot3_ws/install/dynamixel_sdk/include//dynamixel_sdk/group_fast_sync_read.h
[3.599s] -- Symlinking: /home/njoy/ROS/ros_ws/turtlebot3_ws/install/dynamixel_sdk/include//dynamixel_sdk/group_handler.h
[3.612s] -- Symlinking: /home/njoy/ROS/ros_ws/turtlebot3_ws/install/dynamixel_sdk/include//dynamixel_sdk/group_sync_read.h
[3.626s] -- Symlinking: /home/njoy/ROS/ros_ws/turtlebot3_ws/install/dynamixel_sdk/include//dynamixel_sdk/group_sync_write.h
[3.639s] -- Symlinking: /home/njoy/ROS/ros_ws/turtlebot3_ws/install/dynamixel_sdk/include//dynamixel_sdk/packet_handler.h
[3.652s] -- Symlinking: /home/njoy/ROS/ros_ws/turtlebot3_ws/install/dynamixel_sdk/include//dynamixel_sdk/port_handler.h
[3.665s] -- Symlinking: /home/njoy/ROS/ros_ws/turtlebot3_ws/install/dynamixel_sdk/include//dynamixel_sdk/port_handler_arduino.h
[3.679s] -- Symlinking: /home/njoy/ROS/ros_ws/turtlebot3_ws/install/dynamixel_sdk/include//dynamixel_sdk/port_handler_linux.h
[3.691s] -- Symlinking: /home/njoy/ROS/ros_ws/turtlebot3_ws/install/dynamixel_sdk/include//dynamixel_sdk/port_handler_mac.h
[3.704s] -- Symlinking: /home/njoy/ROS/ros_ws/turtlebot3_ws/install/dynamixel_sdk/include//dynamixel_sdk/port_handler_windows.h
[3.718s] -- Symlinking: /home/njoy/ROS/ros_ws/turtlebot3_ws/install/dynamixel_sdk/include//dynamixel_sdk/protocol1_packet_handler.h
[3.731s] -- Symlinking: /home/njoy/ROS/ros_ws/turtlebot3_ws/install/dynamixel_sdk/include//dynamixel_sdk/protocol2_packet_handler.h
[3.745s] -- Symlinking: /home/njoy/ROS/ros_ws/turtlebot3_ws/install/dynamixel_sdk/share/dynamixel_sdk/control_table/2xc430_w250.model
[3.759s] -- Symlinking: /home/njoy/ROS/ros_ws/turtlebot3_ws/install/dynamixel_sdk/share/dynamixel_sdk/control_table/2xl430_w250.model
[3.772s] -- Symlinking: /home/njoy/ROS/ros_ws/turtlebot3_ws/install/dynamixel_sdk/share/dynamixel_sdk/control_table/dynamixel.model
[3.785s] -- Symlinking: /home/njoy/ROS/ros_ws/turtlebot3_ws/install/dynamixel_sdk/share/dynamixel_sdk/control_table/h42_20_s300_ra.model
[3.797s] -- Symlinking: /home/njoy/ROS/ros_ws/turtlebot3_ws/install/dynamixel_sdk/share/dynamixel_sdk/control_table/h54_100_s500_ra.model
[3.810s] -- Symlinking: /home/njoy/ROS/ros_ws/turtlebot3_ws/install/dynamixel_sdk/share/dynamixel_sdk/control_table/h54_200_s500_ra.model
[3.823s] -- Symlinking: /home/njoy/ROS/ros_ws/turtlebot3_ws/install/dynamixel_sdk/share/dynamixel_sdk/control_table/m42_10_s260_ra.model
[3.836s] -- Symlinking: /home/njoy/ROS/ros_ws/turtlebot3_ws/install/dynamixel_sdk/share/dynamixel_sdk/control_table/m54_40_s250_ra.model
[3.849s] -- Symlinking: /home/njoy/ROS/ros_ws/turtlebot3_ws/install/dynamixel_sdk/share/dynamixel_sdk/control_table/m54_60_s250_ra.model
[3.862s] -- Symlinking: /home/njoy/ROS/ros_ws/turtlebot3_ws/install/dynamixel_sdk/share/dynamixel_sdk/control_table/mx_106.model
[3.876s] -- Symlinking: /home/njoy/ROS/ros_ws/turtlebot3_ws/install/dynamixel_sdk/share/dynamixel_sdk/control_table/mx_28.model
[3.889s] -- Symlinking: /home/njoy/ROS/ros_ws/turtlebot3_ws/install/dynamixel_sdk/share/dynamixel_sdk/control_table/mx_64.model
[3.903s] -- Symlinking: /home/njoy/ROS/ros_ws/turtlebot3_ws/install/dynamixel_sdk/share/dynamixel_sdk/control_table/ph42_020_s300.model
[3.916s] -- Symlinking: /home/njoy/ROS/ros_ws/turtlebot3_ws/install/dynamixel_sdk/share/dynamixel_sdk/control_table/ph54_100_s500.model
[3.930s] -- Symlinking: /home/njoy/ROS/ros_ws/turtlebot3_ws/install/dynamixel_sdk/share/dynamixel_sdk/control_table/ph54_200_s500.model
[3.944s] -- Symlinking: /home/njoy/ROS/ros_ws/turtlebot3_ws/install/dynamixel_sdk/share/dynamixel_sdk/control_table/pm42_010_s260.model
[3.957s] -- Symlinking: /home/njoy/ROS/ros_ws/turtlebot3_ws/install/dynamixel_sdk/share/dynamixel_sdk/control_table/pm54_040_s250.model
[3.970s] -- Symlinking: /home/njoy/ROS/ros_ws/turtlebot3_ws/install/dynamixel_sdk/share/dynamixel_sdk/control_table/pm54_060_s250.model
[3.983s] -- Symlinking: /home/njoy/ROS/ros_ws/turtlebot3_ws/install/dynamixel_sdk/share/dynamixel_sdk/control_table/rh_p12_rn.model
[3.997s] -- Symlinking: /home/njoy/ROS/ros_ws/turtlebot3_ws/install/dynamixel_sdk/share/dynamixel_sdk/control_table/xc330_m181.model
[4.010s] -- Symlinking: /home/njoy/ROS/ros_ws/turtlebot3_ws/install/dynamixel_sdk/share/dynamixel_sdk/control_table/xc330_m181_fw52.model
[4.022s] -- Symlinking: /home/njoy/ROS/ros_ws/turtlebot3_ws/install/dynamixel_sdk/share/dynamixel_sdk/control_table/xc330_m288.model
[4.035s] -- Symlinking: /home/njoy/ROS/ros_ws/turtlebot3_ws/install/dynamixel_sdk/share/dynamixel_sdk/control_table/xc330_m288_fw52.model
[4.048s] -- Symlinking: /home/njoy/ROS/ros_ws/turtlebot3_ws/install/dynamixel_sdk/share/dynamixel_sdk/control_table/xc330_t181.model
[4.061s] -- Symlinking: /home/njoy/ROS/ros_ws/turtlebot3_ws/install/dynamixel_sdk/share/dynamixel_sdk/control_table/xc330_t181_fw52.model
[4.074s] -- Symlinking: /home/njoy/ROS/ros_ws/turtlebot3_ws/install/dynamixel_sdk/share/dynamixel_sdk/control_table/xc330_t288.model
[4.086s] -- Symlinking: /home/njoy/ROS/ros_ws/turtlebot3_ws/install/dynamixel_sdk/share/dynamixel_sdk/control_table/xc330_t288_fw52.model
[4.098s] -- Symlinking: /home/njoy/ROS/ros_ws/turtlebot3_ws/install/dynamixel_sdk/share/dynamixel_sdk/control_table/xc430_w150.model
[4.112s] -- Symlinking: /home/njoy/ROS/ros_ws/turtlebot3_ws/install/dynamixel_sdk/share/dynamixel_sdk/control_table/xc430_w240.model
[4.125s] -- Symlinking: /home/njoy/ROS/ros_ws/turtlebot3_ws/install/dynamixel_sdk/share/dynamixel_sdk/control_table/xd430_t210.model
[4.138s] -- Symlinking: /home/njoy/ROS/ros_ws/turtlebot3_ws/install/dynamixel_sdk/share/dynamixel_sdk/control_table/xd430_t350.model
[4.152s] -- Symlinking: /home/njoy/ROS/ros_ws/turtlebot3_ws/install/dynamixel_sdk/share/dynamixel_sdk/control_table/xd540_t150.model
[4.165s] -- Symlinking: /home/njoy/ROS/ros_ws/turtlebot3_ws/install/dynamixel_sdk/share/dynamixel_sdk/control_table/xd540_t270.model
[4.178s] -- Symlinking: /home/njoy/ROS/ros_ws/turtlebot3_ws/install/dynamixel_sdk/share/dynamixel_sdk/control_table/xh430_v210.model
[4.191s] -- Symlinking: /home/njoy/ROS/ros_ws/turtlebot3_ws/install/dynamixel_sdk/share/dynamixel_sdk/control_table/xh430_v350.model
[4.204s] -- Symlinking: /home/njoy/ROS/ros_ws/turtlebot3_ws/install/dynamixel_sdk/share/dynamixel_sdk/control_table/xh430_w210.model
[4.217s] -- Symlinking: /home/njoy/ROS/ros_ws/turtlebot3_ws/install/dynamixel_sdk/share/dynamixel_sdk/control_table/xh430_w350.model
[4.229s] -- Symlinking: /home/njoy/ROS/ros_ws/turtlebot3_ws/install/dynamixel_sdk/share/dynamixel_sdk/control_table/xh540_v150.model
[4.241s] -- Symlinking: /home/njoy/ROS/ros_ws/turtlebot3_ws/install/dynamixel_sdk/share/dynamixel_sdk/control_table/xh540_v270.model
[4.254s] -- Symlinking: /home/njoy/ROS/ros_ws/turtlebot3_ws/install/dynamixel_sdk/share/dynamixel_sdk/control_table/xh540_w150.model
[4.268s] -- Symlinking: /home/njoy/ROS/ros_ws/turtlebot3_ws/install/dynamixel_sdk/share/dynamixel_sdk/control_table/xh540_w270.model
[4.281s] -- Symlinking: /home/njoy/ROS/ros_ws/turtlebot3_ws/install/dynamixel_sdk/share/dynamixel_sdk/control_table/xl320.model
[4.294s] -- Symlinking: /home/njoy/ROS/ros_ws/turtlebot3_ws/install/dynamixel_sdk/share/dynamixel_sdk/control_table/xl330_m077.model
[4.307s] -- Symlinking: /home/njoy/ROS/ros_ws/turtlebot3_ws/install/dynamixel_sdk/share/dynamixel_sdk/control_table/xl330_m077_fw52.model
[4.320s] -- Symlinking: /home/njoy/ROS/ros_ws/turtlebot3_ws/install/dynamixel_sdk/share/dynamixel_sdk/control_table/xl330_m288.model
[4.332s] -- Symlinking: /home/njoy/ROS/ros_ws/turtlebot3_ws/install/dynamixel_sdk/share/dynamixel_sdk/control_table/xl330_m288_fw52.model
[4.345s] -- Symlinking: /home/njoy/ROS/ros_ws/turtlebot3_ws/install/dynamixel_sdk/share/dynamixel_sdk/control_table/xl430_w250.model
[4.358s] -- Symlinking: /home/njoy/ROS/ros_ws/turtlebot3_ws/install/dynamixel_sdk/share/dynamixel_sdk/control_table/xm430_w210.model
[4.371s] -- Symlinking: /home/njoy/ROS/ros_ws/turtlebot3_ws/install/dynamixel_sdk/share/dynamixel_sdk/control_table/xm430_w350.model
[4.384s] -- Symlinking: /home/njoy/ROS/ros_ws/turtlebot3_ws/install/dynamixel_sdk/share/dynamixel_sdk/control_table/xm540_w150.model
[4.397s] -- Symlinking: /home/njoy/ROS/ros_ws/turtlebot3_ws/install/dynamixel_sdk/share/dynamixel_sdk/control_table/xm540_w270.model
[4.410s] -- Symlinking: /home/njoy/ROS/ros_ws/turtlebot3_ws/install/dynamixel_sdk/share/dynamixel_sdk/control_table/xw430_t200.model
[4.423s] -- Symlinking: /home/njoy/ROS/ros_ws/turtlebot3_ws/install/dynamixel_sdk/share/dynamixel_sdk/control_table/xw430_t333.model
[4.436s] -- Symlinking: /home/njoy/ROS/ros_ws/turtlebot3_ws/install/dynamixel_sdk/share/dynamixel_sdk/control_table/xw540_h260.model
[4.449s] -- Symlinking: /home/njoy/ROS/ros_ws/turtlebot3_ws/install/dynamixel_sdk/share/dynamixel_sdk/control_table/xw540_t140.model
[4.462s] -- Symlinking: /home/njoy/ROS/ros_ws/turtlebot3_ws/install/dynamixel_sdk/share/dynamixel_sdk/control_table/xw540_t260.model
[4.476s] -- Symlinking: /home/njoy/ROS/ros_ws/turtlebot3_ws/install/dynamixel_sdk/share/dynamixel_sdk/control_table/ym070_210_a051.model
[4.488s] -- Symlinking: /home/njoy/ROS/ros_ws/turtlebot3_ws/install/dynamixel_sdk/share/dynamixel_sdk/control_table/ym070_210_a099.model
[4.502s] -- Symlinking: /home/njoy/ROS/ros_ws/turtlebot3_ws/install/dynamixel_sdk/share/dynamixel_sdk/control_table/ym070_210_b001.model
[4.516s] -- Symlinking: /home/njoy/ROS/ros_ws/turtlebot3_ws/install/dynamixel_sdk/share/dynamixel_sdk/control_table/ym070_210_m001.model
[4.528s] -- Symlinking: /home/njoy/ROS/ros_ws/turtlebot3_ws/install/dynamixel_sdk/share/dynamixel_sdk/control_table/ym070_210_r051.model
[4.542s] -- Symlinking: /home/njoy/ROS/ros_ws/turtlebot3_ws/install/dynamixel_sdk/share/dynamixel_sdk/control_table/ym070_210_r099.model
[4.555s] -- Symlinking: /home/njoy/ROS/ros_ws/turtlebot3_ws/install/dynamixel_sdk/share/dynamixel_sdk/control_table/ym080_230_a051.model
[4.567s] -- Symlinking: /home/njoy/ROS/ros_ws/turtlebot3_ws/install/dynamixel_sdk/share/dynamixel_sdk/control_table/ym080_230_a099.model
[4.579s] -- Symlinking: /home/njoy/ROS/ros_ws/turtlebot3_ws/install/dynamixel_sdk/share/dynamixel_sdk/control_table/ym080_230_b001.model
[4.592s] -- Symlinking: /home/njoy/ROS/ros_ws/turtlebot3_ws/install/dynamixel_sdk/share/dynamixel_sdk/control_table/ym080_230_m001.model
[4.603s] -- Symlinking: /home/njoy/ROS/ros_ws/turtlebot3_ws/install/dynamixel_sdk/share/dynamixel_sdk/control_table/ym080_230_r051.model
[4.617s] -- Symlinking: /home/njoy/ROS/ros_ws/turtlebot3_ws/install/dynamixel_sdk/share/dynamixel_sdk/control_table/ym080_230_r099.model
[4.631s] -- Symlinking: /home/njoy/ROS/ros_ws/turtlebot3_ws/install/dynamixel_sdk/share/dynamixel_sdk/environment/pythonpath.sh
[4.643s] -- Symlinking: /home/njoy/ROS/ros_ws/turtlebot3_ws/install/dynamixel_sdk/share/dynamixel_sdk/environment/pythonpath.dsv
[4.657s] -- Symlinking: /home/njoy/ROS/ros_ws/turtlebot3_ws/install/dynamixel_sdk/lib/python3.12/site-packages/dynamixel_sdk-4.0.5-py3.12.egg-info/PKG-INFO
[4.671s] -- Symlinking: /home/njoy/ROS/ros_ws/turtlebot3_ws/install/dynamixel_sdk/lib/python3.12/site-packages/dynamixel_sdk-4.0.5-py3.12.egg-info/SOURCES.txt
[4.685s] -- Symlinking: /home/njoy/ROS/ros_ws/turtlebot3_ws/install/dynamixel_sdk/lib/python3.12/site-packages/dynamixel_sdk-4.0.5-py3.12.egg-info/dependency_links.txt
[4.698s] -- Symlinking: /home/njoy/ROS/ros_ws/turtlebot3_ws/install/dynamixel_sdk/lib/python3.12/site-packages/dynamixel_sdk-4.0.5-py3.12.egg-info/top_level.txt
[4.714s] -- Symlinking: /home/njoy/ROS/ros_ws/turtlebot3_ws/install/dynamixel_sdk/lib/python3.12/site-packages/dynamixel_sdk/__init__.py
[4.729s] -- Symlinking: /home/njoy/ROS/ros_ws/turtlebot3_ws/install/dynamixel_sdk/lib/python3.12/site-packages/dynamixel_sdk/group_bulk_read.cpp
[4.743s] -- Symlinking: /home/njoy/ROS/ros_ws/turtlebot3_ws/install/dynamixel_sdk/lib/python3.12/site-packages/dynamixel_sdk/group_bulk_read.py
[4.756s] -- Symlinking: /home/njoy/ROS/ros_ws/turtlebot3_ws/install/dynamixel_sdk/lib/python3.12/site-packages/dynamixel_sdk/group_bulk_write.cpp
[4.770s] -- Symlinking: /home/njoy/ROS/ros_ws/turtlebot3_ws/install/dynamixel_sdk/lib/python3.12/site-packages/dynamixel_sdk/group_bulk_write.py
[4.783s] -- Symlinking: /home/njoy/ROS/ros_ws/turtlebot3_ws/install/dynamixel_sdk/lib/python3.12/site-packages/dynamixel_sdk/group_fast_bulk_read.cpp
[4.796s] -- Symlinking: /home/njoy/ROS/ros_ws/turtlebot3_ws/install/dynamixel_sdk/lib/python3.12/site-packages/dynamixel_sdk/group_fast_sync_read.cpp
[4.810s] -- Symlinking: /home/njoy/ROS/ros_ws/turtlebot3_ws/install/dynamixel_sdk/lib/python3.12/site-packages/dynamixel_sdk/group_handler.cpp
[4.824s] -- Symlinking: /home/njoy/ROS/ros_ws/turtlebot3_ws/install/dynamixel_sdk/lib/python3.12/site-packages/dynamixel_sdk/group_sync_read.cpp
[4.837s] -- Symlinking: /home/njoy/ROS/ros_ws/turtlebot3_ws/install/dynamixel_sdk/lib/python3.12/site-packages/dynamixel_sdk/group_sync_read.py
[4.851s] -- Symlinking: /home/njoy/ROS/ros_ws/turtlebot3_ws/install/dynamixel_sdk/lib/python3.12/site-packages/dynamixel_sdk/group_sync_write.cpp
[4.862s] -- Symlinking: /home/njoy/ROS/ros_ws/turtlebot3_ws/install/dynamixel_sdk/lib/python3.12/site-packages/dynamixel_sdk/group_sync_write.py
[4.876s] -- Symlinking: /home/njoy/ROS/ros_ws/turtlebot3_ws/install/dynamixel_sdk/lib/python3.12/site-packages/dynamixel_sdk/packet_handler.cpp
[4.891s] -- Symlinking: /home/njoy/ROS/ros_ws/turtlebot3_ws/install/dynamixel_sdk/lib/python3.12/site-packages/dynamixel_sdk/packet_handler.py
[4.906s] -- Symlinking: /home/njoy/ROS/ros_ws/turtlebot3_ws/install/dynamixel_sdk/lib/python3.12/site-packages/dynamixel_sdk/port_handler.cpp
[4.920s] -- Symlinking: /home/njoy/ROS/ros_ws/turtlebot3_ws/install/dynamixel_sdk/lib/python3.12/site-packages/dynamixel_sdk/port_handler.py
[4.935s] -- Symlinking: /home/njoy/ROS/ros_ws/turtlebot3_ws/install/dynamixel_sdk/lib/python3.12/site-packages/dynamixel_sdk/port_handler_arduino.cpp
[4.950s] -- Symlinking: /home/njoy/ROS/ros_ws/turtlebot3_ws/install/dynamixel_sdk/lib/python3.12/site-packages/dynamixel_sdk/port_handler_linux.cpp
[4.962s] -- Symlinking: /home/njoy/ROS/ros_ws/turtlebot3_ws/install/dynamixel_sdk/lib/python3.12/site-packages/dynamixel_sdk/port_handler_mac.cpp
[4.974s] -- Symlinking: /home/njoy/ROS/ros_ws/turtlebot3_ws/install/dynamixel_sdk/lib/python3.12/site-packages/dynamixel_sdk/port_handler_windows.cpp
[4.987s] -- Symlinking: /home/njoy/ROS/ros_ws/turtlebot3_ws/install/dynamixel_sdk/lib/python3.12/site-packages/dynamixel_sdk/protocol1_packet_handler.cpp
[5.001s] -- Symlinking: /home/njoy/ROS/ros_ws/turtlebot3_ws/install/dynamixel_sdk/lib/python3.12/site-packages/dynamixel_sdk/protocol1_packet_handler.py
[5.013s] -- Symlinking: /home/njoy/ROS/ros_ws/turtlebot3_ws/install/dynamixel_sdk/lib/python3.12/site-packages/dynamixel_sdk/protocol2_packet_handler.cpp
[5.026s] -- Symlinking: /home/njoy/ROS/ros_ws/turtlebot3_ws/install/dynamixel_sdk/lib/python3.12/site-packages/dynamixel_sdk/protocol2_packet_handler.py
[5.036s] -- Symlinking: /home/njoy/ROS/ros_ws/turtlebot3_ws/install/dynamixel_sdk/lib/python3.12/site-packages/dynamixel_sdk/robotis_def.py
[5.049s] -- Symlinking: /home/njoy/ROS/ros_ws/turtlebot3_ws/install/dynamixel_sdk/lib/python3.12/site-packages/dynamixel_easy_sdk-4.0.5-py3.12.egg-info/PKG-INFO
[5.063s] -- Symlinking: /home/njoy/ROS/ros_ws/turtlebot3_ws/install/dynamixel_sdk/lib/python3.12/site-packages/dynamixel_easy_sdk-4.0.5-py3.12.egg-info/SOURCES.txt
[5.076s] -- Symlinking: /home/njoy/ROS/ros_ws/turtlebot3_ws/install/dynamixel_sdk/lib/python3.12/site-packages/dynamixel_easy_sdk-4.0.5-py3.12.egg-info/dependency_links.txt
[5.089s] -- Symlinking: /home/njoy/ROS/ros_ws/turtlebot3_ws/install/dynamixel_sdk/lib/python3.12/site-packages/dynamixel_easy_sdk-4.0.5-py3.12.egg-info/top_level.txt
[5.104s] -- Symlinking: /home/njoy/ROS/ros_ws/turtlebot3_ws/install/dynamixel_sdk/lib/python3.12/site-packages/dynamixel_easy_sdk/__init__.py
[5.118s] -- Symlinking: /home/njoy/ROS/ros_ws/turtlebot3_ws/install/dynamixel_sdk/lib/python3.12/site-packages/dynamixel_easy_sdk/connector.cpp
[5.132s] -- Symlinking: /home/njoy/ROS/ros_ws/turtlebot3_ws/install/dynamixel_sdk/lib/python3.12/site-packages/dynamixel_easy_sdk/connector.py
[5.146s] -- Symlinking: /home/njoy/ROS/ros_ws/turtlebot3_ws/install/dynamixel_sdk/lib/python3.12/site-packages/dynamixel_easy_sdk/control_table.cpp
[5.163s] -- Symlinking: /home/njoy/ROS/ros_ws/turtlebot3_ws/install/dynamixel_sdk/lib/python3.12/site-packages/dynamixel_easy_sdk/control_table.py
[5.184s] -- Symlinking: /home/njoy/ROS/ros_ws/turtlebot3_ws/install/dynamixel_sdk/lib/python3.12/site-packages/dynamixel_easy_sdk/data_types.py
[5.197s] -- Symlinking: /home/njoy/ROS/ros_ws/turtlebot3_ws/install/dynamixel_sdk/lib/python3.12/site-packages/dynamixel_easy_sdk/dynamixel_error.cpp
[5.210s] -- Symlinking: /home/njoy/ROS/ros_ws/turtlebot3_ws/install/dynamixel_sdk/lib/python3.12/site-packages/dynamixel_easy_sdk/dynamixel_error.py
[5.223s] -- Symlinking: /home/njoy/ROS/ros_ws/turtlebot3_ws/install/dynamixel_sdk/lib/python3.12/site-packages/dynamixel_easy_sdk/group_executor.cpp
[5.241s] -- Symlinking: /home/njoy/ROS/ros_ws/turtlebot3_ws/install/dynamixel_sdk/lib/python3.12/site-packages/dynamixel_easy_sdk/group_executor.py
[5.256s] -- Symlinking: /home/njoy/ROS/ros_ws/turtlebot3_ws/install/dynamixel_sdk/lib/python3.12/site-packages/dynamixel_easy_sdk/motor.cpp
[5.271s] -- Symlinking: /home/njoy/ROS/ros_ws/turtlebot3_ws/install/dynamixel_sdk/lib/python3.12/site-packages/dynamixel_easy_sdk/motor.py
[5.285s] -- Symlinking: /home/njoy/ROS/ros_ws/turtlebot3_ws/install/dynamixel_sdk/share/dynamixel_sdk/environment/library_path.sh
[5.297s] -- Symlinking: /home/njoy/ROS/ros_ws/turtlebot3_ws/install/dynamixel_sdk/share/dynamixel_sdk/environment/library_path.dsv
[5.309s] -- Symlinking: /home/njoy/ROS/ros_ws/turtlebot3_ws/install/dynamixel_sdk/share/ament_index/resource_index/package_run_dependencies/dynamixel_sdk
[5.322s] -- Symlinking: /home/njoy/ROS/ros_ws/turtlebot3_ws/install/dynamixel_sdk/share/ament_index/resource_index/parent_prefix_path/dynamixel_sdk
[5.335s] -- Symlinking: /home/njoy/ROS/ros_ws/turtlebot3_ws/install/dynamixel_sdk/share/dynamixel_sdk/environment/ament_prefix_path.sh
[5.349s] -- Symlinking: /home/njoy/ROS/ros_ws/turtlebot3_ws/install/dynamixel_sdk/share/dynamixel_sdk/environment/ament_prefix_path.dsv
[5.366s] -- Symlinking: /home/njoy/ROS/ros_ws/turtlebot3_ws/install/dynamixel_sdk/share/dynamixel_sdk/environment/path.sh
[5.386s] -- Symlinking: /home/njoy/ROS/ros_ws/turtlebot3_ws/install/dynamixel_sdk/share/dynamixel_sdk/environment/path.dsv
[5.406s] -- Symlinking: /home/njoy/ROS/ros_ws/turtlebot3_ws/install/dynamixel_sdk/share/dynamixel_sdk/local_setup.bash
[5.424s] -- Symlinking: /home/njoy/ROS/ros_ws/turtlebot3_ws/install/dynamixel_sdk/share/dynamixel_sdk/local_setup.sh
[5.439s] -- Symlinking: /home/njoy/ROS/ros_ws/turtlebot3_ws/install/dynamixel_sdk/share/dynamixel_sdk/local_setup.zsh
[5.453s] -- Symlinking: /home/njoy/ROS/ros_ws/turtlebot3_ws/install/dynamixel_sdk/share/dynamixel_sdk/local_setup.dsv
[5.468s] -- Symlinking: /home/njoy/ROS/ros_ws/turtlebot3_ws/install/dynamixel_sdk/share/dynamixel_sdk/package.dsv
[5.483s] -- Symlinking: /home/njoy/ROS/ros_ws/turtlebot3_ws/install/dynamixel_sdk/share/ament_index/resource_index/packages/dynamixel_sdk
[5.498s] -- Symlinking: /home/njoy/ROS/ros_ws/turtlebot3_ws/install/dynamixel_sdk/share/dynamixel_sdk/cmake/ament_cmake_export_targets-extras.cmake
[5.513s] -- Symlinking: /home/njoy/ROS/ros_ws/turtlebot3_ws/install/dynamixel_sdk/share/dynamixel_sdk/cmake/ament_cmake_export_include_directories-extras.cmake
[5.530s] -- Symlinking: /home/njoy/ROS/ros_ws/turtlebot3_ws/install/dynamixel_sdk/share/dynamixel_sdk/cmake/ament_cmake_export_libraries-extras.cmake
[5.546s] -- Symlinking: /home/njoy/ROS/ros_ws/turtlebot3_ws/install/dynamixel_sdk/share/dynamixel_sdk/cmake/dynamixel_sdkConfig.cmake
[5.560s] -- Symlinking: /home/njoy/ROS/ros_ws/turtlebot3_ws/install/dynamixel_sdk/share/dynamixel_sdk/cmake/dynamixel_sdkConfig-version.cmake
[5.573s] -- Symlinking: /home/njoy/ROS/ros_ws/turtlebot3_ws/install/dynamixel_sdk/share/dynamixel_sdk/package.xml
[5.588s] -- Installing: /home/njoy/ROS/ros_ws/turtlebot3_ws/install/dynamixel_sdk/lib/libdynamixel_sdk.so
[5.666s] Listing '/home/njoy/ROS/ros_ws/turtlebot3_ws/install/dynamixel_sdk/lib/python3.12/site-packages/dynamixel_sdk'...
[5.666s] Compiling '/home/njoy/ROS/ros_ws/turtlebot3_ws/install/dynamixel_sdk/lib/python3.12/site-packages/dynamixel_sdk/__init__.py'...
[5.666s] Compiling '/home/njoy/ROS/ros_ws/turtlebot3_ws/install/dynamixel_sdk/lib/python3.12/site-packages/dynamixel_sdk/group_bulk_read.py'...
[5.666s] Compiling '/home/njoy/ROS/ros_ws/turtlebot3_ws/install/dynamixel_sdk/lib/python3.12/site-packages/dynamixel_sdk/group_bulk_write.py'...
[5.666s] Compiling '/home/njoy/ROS/ros_ws/turtlebot3_ws/install/dynamixel_sdk/lib/python3.12/site-packages/dynamixel_sdk/group_sync_read.py'...
[5.666s] Compiling '/home/njoy/ROS/ros_ws/turtlebot3_ws/install/dynamixel_sdk/lib/python3.12/site-packages/dynamixel_sdk/group_sync_write.py'...
[5.667s] Compiling '/home/njoy/ROS/ros_ws/turtlebot3_ws/install/dynamixel_sdk/lib/python3.12/site-packages/dynamixel_sdk/packet_handler.py'...
[5.667s] Compiling '/home/njoy/ROS/ros_ws/turtlebot3_ws/install/dynamixel_sdk/lib/python3.12/site-packages/dynamixel_sdk/port_handler.py'...
[5.667s] Compiling '/home/njoy/ROS/ros_ws/turtlebot3_ws/install/dynamixel_sdk/lib/python3.12/site-packages/dynamixel_sdk/protocol1_packet_handler.py'...
[5.667s] Compiling '/home/njoy/ROS/ros_ws/turtlebot3_ws/install/dynamixel_sdk/lib/python3.12/site-packages/dynamixel_sdk/protocol2_packet_handler.py'...
[5.667s] Compiling '/home/njoy/ROS/ros_ws/turtlebot3_ws/install/dynamixel_sdk/lib/python3.12/site-packages/dynamixel_sdk/robotis_def.py'...
[5.746s] Listing '/home/njoy/ROS/ros_ws/turtlebot3_ws/install/dynamixel_sdk/lib/python3.12/site-packages/dynamixel_easy_sdk'...
[5.746s] Compiling '/home/njoy/ROS/ros_ws/turtlebot3_ws/install/dynamixel_sdk/lib/python3.12/site-packages/dynamixel_easy_sdk/__init__.py'...
[5.747s] Compiling '/home/njoy/ROS/ros_ws/turtlebot3_ws/install/dynamixel_sdk/lib/python3.12/site-packages/dynamixel_easy_sdk/connector.py'...
[5.747s] Compiling '/home/njoy/ROS/ros_ws/turtlebot3_ws/install/dynamixel_sdk/lib/python3.12/site-packages/dynamixel_easy_sdk/control_table.py'...
[5.747s] Compiling '/home/njoy/ROS/ros_ws/turtlebot3_ws/install/dynamixel_sdk/lib/python3.12/site-packages/dynamixel_easy_sdk/data_types.py'...
[5.747s] Compiling '/home/njoy/ROS/ros_ws/turtlebot3_ws/install/dynamixel_sdk/lib/python3.12/site-packages/dynamixel_easy_sdk/dynamixel_error.py'...
[5.747s] Compiling '/home/njoy/ROS/ros_ws/turtlebot3_ws/install/dynamixel_sdk/lib/python3.12/site-packages/dynamixel_easy_sdk/group_executor.py'...
[5.747s] Compiling '/home/njoy/ROS/ros_ws/turtlebot3_ws/install/dynamixel_sdk/lib/python3.12/site-packages/dynamixel_easy_sdk/motor.py'...
[5.760s] -- Installing: /home/njoy/ROS/ros_ws/turtlebot3_ws/install/dynamixel_sdk/share/dynamixel_sdk/cmake/dynamixel_sdkExport.cmake
[5.764s] -- Installing: /home/njoy/ROS/ros_ws/turtlebot3_ws/install/dynamixel_sdk/share/dynamixel_sdk/cmake/dynamixel_sdkExport-noconfig.cmake
[5.766s] Invoked command in '/home/njoy/ROS/ros_ws/turtlebot3_ws/build/dynamixel_sdk' returned '0': CMAKE_PREFIX_PATH=${CMAKE_PREFIX_PATH}:/opt/ros/jazzy DEBUGINFOD_URLS=ima:enforcing https://debuginfod.fedoraproject.org/ ima:ignore PS1=📦[\u@rover-dev-container \W]$ /usr/bin/cmake --install /home/njoy/ROS/ros_ws/turtlebot3_ws/build/dynamixel_sdk
