[0.029s] Invoking command in '/home/njoy/ROS/ros_ws/turtlebot3_ws/build/turtlebot3_gazebo': CMAKE_PREFIX_PATH=${CMAKE_PREFIX_PATH}:/home/njoy/ROS/ros_ws/turtlebot3_ws/install/turtlebot3_teleop:/home/njoy/ROS/ros_ws/turtlebot3_ws/install/turtlebot3_example:/opt/ros/jazzy DEBUGINFOD_URLS=ima:enforcing https://debuginfod.fedoraproject.org/ ima:ignore PS1=📦[\u@rover-dev-container \W]$ /usr/bin/cmake /home/njoy/ROS/ros_ws/turtlebot3_ws/src/turtlebot3_simulations/turtlebot3_gazebo -DAMENT_CMAKE_SYMLINK_INSTALL=1 -DCMAKE_INSTALL_PREFIX=/home/njoy/ROS/ros_ws/turtlebot3_ws/install/turtlebot3_gazebo
[0.103s] -- The C compiler identification is GNU 13.3.0
[0.192s] -- The CXX compiler identification is GNU 13.3.0
[0.214s] -- Detecting C compiler ABI info
[0.347s] -- Detecting C compiler ABI info - done
[0.363s] -- Check for working C compiler: /usr/bin/cc - skipped
[0.363s] -- Detecting C compile features
[0.364s] -- Detecting C compile features - done
[0.404s] -- Detecting CXX compiler ABI info
[0.521s] -- Detecting CXX compiler ABI info - done
[0.530s] -- Check for working CXX compiler: /usr/bin/c++ - skipped
[0.530s] -- Detecting CXX compile features
[0.531s] -- Detecting CXX compile features - done
[0.543s] -- Found ament_cmake: 2.5.6 (/opt/ros/jazzy/share/ament_cmake/cmake)
[0.743s] -- Found Python3: /usr/bin/python3 (found version "3.12.3") found components: Interpreter 
[0.814s] -- Override CMake install command with custom implementation using symlinks instead of copying resources
[0.944s] -- Found ros_gz_sim: 1.0.22 (/opt/ros/jazzy/share/ros_gz_sim/cmake)
[1.059s] -- Found rosidl_generator_c: 4.6.7 (/opt/ros/jazzy/share/rosidl_generator_c/cmake)
[1.092s] -- Found rosidl_generator_cpp: 4.6.7 (/opt/ros/jazzy/share/rosidl_generator_cpp/cmake)
[1.128s] -- Using all available rosidl_typesupport_c: rosidl_typesupport_fastrtps_c;rosidl_typesupport_introspection_c
[1.165s] -- Using all available rosidl_typesupport_cpp: rosidl_typesupport_fastrtps_cpp;rosidl_typesupport_introspection_cpp
[1.304s] -- Found rmw_implementation_cmake: 7.3.3 (/opt/ros/jazzy/share/rmw_implementation_cmake/cmake)
[1.313s] -- Found rmw_fastrtps_cpp: 8.4.3 (/opt/ros/jazzy/share/rmw_fastrtps_cpp/cmake)
[1.457s] -- Found OpenSSL: /usr/lib/x86_64-linux-gnu/libcrypto.so (found version "3.0.13")  
[1.483s] -- Found FastRTPS: /opt/ros/jazzy/include (Required is at least version "2.13") 
[1.509s] -- Using RMW implementation 'rmw_fastrtps_cpp' as default
[1.860s] -- Found nav_msgs: 5.3.7 (/opt/ros/jazzy/share/nav_msgs/cmake)
[1.891s] -- Found sensor_msgs: 5.3.7 (/opt/ros/jazzy/share/sensor_msgs/cmake)
[1.922s] -- Found gz_math_vendor: 0.0.8 (/opt/ros/jazzy/share/gz_math_vendor/cmake)
[1.953s] -- Looking for gz-math7 -- found version 7.5.2
[1.968s] -- Searching for dependencies of gz-math7
[1.974s] -- Looking for gz-utils2 -- found version 2.2.1
[1.974s] -- Searching for dependencies of gz-utils2
[1.984s] -- Found gz_sim_vendor: 0.0.10 (/opt/ros/jazzy/share/gz_sim_vendor/cmake)
[2.114s] -- Looking for gz-sim8 -- found version 8.11.0
[2.114s] -- Searching for dependencies of gz-sim8
[2.119s] -- Looking for sdformat14 -- found version 14.9.0
[2.119s] -- Searching for dependencies of sdformat14
[2.125s] -- Checking for module 'tinyxml2'
[2.147s] --   Found tinyxml2, version 10.0.0
[2.192s] -- Looking for gz-math7 -- found version 7.5.2
[2.193s] -- Looking for gz-utils2 -- found version 2.2.1
[2.193s] -- Searching for dependencies of gz-utils2
[2.193s] -- Searching for <gz-utils2> component [cli]
[2.201s] -- Looking for gz-utils2-cli -- found version 2.2.1
[2.201s] -- Searching for dependencies of gz-utils2-cli
[2.208s] -- Looking for gz-plugin2 -- found version 2.0.4
[2.208s] -- Searching for dependencies of gz-plugin2
[2.209s] -- Looking for gz-utils2 -- found version 2.2.1
[2.209s] -- Searching for <gz-plugin2> component [loader]
[2.215s] -- Looking for gz-plugin2-loader -- found version 2.0.4
[2.215s] -- Searching for dependencies of gz-plugin2-loader
[2.215s] -- Searching for <gz-plugin2> component [register]
[2.221s] -- Looking for gz-plugin2-register -- found version 2.0.4
[2.221s] -- Searching for dependencies of gz-plugin2-register
[2.226s] -- Looking for gz-transport13 -- found version 13.5.0
[2.226s] -- Searching for dependencies of gz-transport13
[2.404s] -- Found Protobuf: /usr/lib/x86_64-linux-gnu/libprotobuf.so (found version "3.21.12") 
[2.432s] -- Config-file not installed for ZeroMQ -- checking for pkg-config
[2.439s] -- Checking for module 'libzmq >= 4'
[2.462s] --   Found libzmq, version 4.3.5
[2.526s] -- Found ZeroMQ: TRUE (Required is at least version "4") 
[2.534s] -- Checking for module 'uuid'
[2.557s] --   Found uuid, version 2.39.3
[2.608s] -- Found UUID: TRUE  
[2.608s] -- Looking for gz-utils2 -- found version 2.2.1
[2.614s] -- Looking for gz-msgs10 -- found version 10.3.2
[2.614s] -- Searching for dependencies of gz-msgs10
[2.652s] -- Looking for gz-utils2 -- found version 2.2.1
[2.652s] -- Looking for gz-math7 -- found version 7.5.2
[2.661s] -- Searching for <gz-transport13> component [log]
[2.666s] -- Looking for gz-transport13-log -- found version 13.5.0
[2.666s] -- Searching for dependencies of gz-transport13-log
[2.667s] -- Searching for <gz-transport13> component [parameters]
[2.672s] -- Looking for gz-transport13-parameters -- found version 13.5.0
[2.672s] -- Searching for dependencies of gz-transport13-parameters
[2.673s] -- Looking for gz-msgs10 -- found version 10.3.2
[2.679s] -- Looking for gz-common5 -- found version 5.8.0
[2.680s] -- Searching for dependencies of gz-common5
[2.680s] -- Looking for gz-utils2 -- found version 2.2.1
[2.681s] -- Looking for dlfcn.h - found
[2.682s] -- Looking for libdl - found
[2.684s] -- Found DL: TRUE  
[2.692s] -- Searching for <gz-common5> component [av]
[2.698s] -- Looking for gz-common5-av -- found version 5.8.0
[2.698s] -- Searching for dependencies of gz-common5-av
[2.704s] -- Checking for module 'libswscale'
[2.727s] --   Found libswscale, version 7.5.100
[2.774s] -- Found SWSCALE: TRUE  
[2.781s] -- Checking for module 'libavdevice >= 56.4.100'
[2.806s] --   Found libavdevice, version 60.3.100
[2.868s] -- Found AVDEVICE: TRUE (Required is at least version "56.4.100") 
[2.874s] -- Checking for module 'libavformat'
[2.896s] --   Found libavformat, version 60.16.100
[2.947s] -- Found AVFORMAT: TRUE  
[2.953s] -- Checking for module 'libavcodec'
[2.975s] --   Found libavcodec, version 60.31.102
[3.029s] -- Found AVCODEC: TRUE  
[3.038s] -- Checking for module 'libavutil'
[3.062s] --   Found libavutil, version 58.29.100
[3.111s] -- Found AVUTIL: TRUE  
[3.120s] -- Searching for <gz-common5> component [events]
[3.126s] -- Looking for gz-common5-events -- found version 5.8.0
[3.127s] -- Searching for dependencies of gz-common5-events
[3.127s] -- Looking for gz-math7 -- found version 7.5.2
[3.128s] -- Searching for <gz-common5> component [graphics]
[3.134s] -- Looking for gz-common5-graphics -- found version 5.8.0
[3.134s] -- Searching for dependencies of gz-common5-graphics
[3.134s] -- Looking for gz-math7 -- found version 7.5.2
[3.148s] -- Found GzAssimp: TRUE (found version "5.3.0") 
[3.149s] -- Searching for <gz-common5> component [io]
[3.156s] -- Looking for gz-common5-io -- found version 5.8.0
[3.156s] -- Searching for dependencies of gz-common5-io
[3.157s] -- Searching for <gz-common5> component [profiler]
[3.163s] -- Looking for gz-common5-profiler -- found version 5.8.0
[3.163s] -- Searching for dependencies of gz-common5-profiler
[3.171s] -- Looking for gz-fuel_tools9 -- found version 9.1.1
[3.171s] -- Searching for dependencies of gz-fuel_tools9
[3.311s] -- Found CURL: /usr/lib/x86_64-linux-gnu/libcurl.so (found version "8.5.0")  
[3.341s] -- Checking for module 'jsoncpp'
[3.364s] --   Found jsoncpp, version 1.9.5
[3.415s] -- Found JSONCPP: TRUE  
[3.456s] -- Checking for module 'yaml-0.1'
[3.482s] --   Found yaml-0.1, version 0.2.5
[3.535s] -- Found YAML: TRUE  
[3.542s] -- Checking for module 'libzip'
[3.567s] --   Found libzip, version 1.7.3
[3.620s] -- Found ZIP: TRUE  
[3.621s] -- Looking for gz-utils2 -- found version 2.2.1
[3.621s] -- Looking for gz-common5 -- found version 5.8.0
[3.621s] -- Searching for dependencies of gz-common5
[3.622s] -- Looking for gz-utils2 -- found version 2.2.1
[3.622s] -- Looking for dlfcn.h - found
[3.622s] -- Looking for libdl - found
[3.631s] -- Searching for <gz-common5> component [testing]
[3.637s] -- Looking for gz-common5-testing -- found version 5.8.0
[3.638s] -- Searching for dependencies of gz-common5-testing
[3.639s] -- Looking for gz-math7 -- found version 7.5.2
[3.639s] -- Looking for gz-msgs10 -- found version 10.3.2
[3.645s] -- Looking for gz-gui8 -- found version 8.4.0
[3.645s] -- Searching for dependencies of gz-gui8
[3.694s] -- Looking for gz-utils2 -- found version 2.2.1
[3.694s] -- Looking for gz-math7 -- found version 7.5.2
[3.695s] -- Looking for gz-common5 -- found version 5.8.0
[3.695s] -- Looking for gz-plugin2 -- found version 2.0.4
[3.695s] -- Looking for gz-transport13 -- found version 13.5.0
[3.701s] -- Looking for gz-rendering8 -- found version 8.2.3
[3.701s] -- Searching for dependencies of gz-rendering8
[3.702s] -- Looking for gz-math7 -- found version 7.5.2
[3.702s] -- Searching for dependencies of gz-math7
[3.702s] -- Looking for gz-utils2 -- found version 2.2.1
[3.702s] -- Searching for <gz-math7> component [eigen3]
[3.710s] -- Looking for gz-math7-eigen3 -- found version 7.5.2
[3.710s] -- Searching for dependencies of gz-math7-eigen3
[3.734s] -- Looking for gz-common5 -- found version 5.8.0
[3.734s] -- Searching for dependencies of gz-common5
[3.735s] -- Looking for gz-utils2 -- found version 2.2.1
[3.735s] -- Looking for dlfcn.h - found
[3.735s] -- Looking for libdl - found
[3.745s] -- Searching for <gz-common5> component [graphics]
[3.745s] -- Searching for <gz-common5> component [events]
[3.745s] -- Searching for <gz-common5> component [geospatial]
[3.751s] -- Looking for gz-common5-geospatial -- found version 5.8.0
[3.751s] -- Searching for dependencies of gz-common5-geospatial
[3.752s] -- Looking for gz-math7 -- found version 7.5.2
[3.752s] -- Looking for gz-common5 -- found version 5.8.0
[3.753s] -- Looking for gz-plugin2 -- found version 2.0.4
[3.753s] -- Searching for dependencies of gz-plugin2
[3.754s] -- Looking for gz-utils2 -- found version 2.2.1
[3.754s] -- Searching for <gz-plugin2> component [all]
[3.759s] -- Looking for all libraries of gz-plugin2 -- found version 2.0.4
[3.760s] -- Looking for gz-plugin2 -- found version 2.0.4
[3.761s] -- Looking for gz-utils2 -- found version 2.2.1
[3.780s] -- Found OpenGL: /usr/lib/x86_64-linux-gnu/libOpenGL.so  found components: OpenGL 
[3.781s] -- Looking for gz-msgs10 -- found version 10.3.2
[3.827s] -- Looking for gz-physics7 -- found version 7.6.0
[3.827s] -- Searching for dependencies of gz-physics7
[3.827s] -- Looking for gz-common5 -- found version 5.8.0
[3.828s] -- Looking for gz-math7 -- found version 7.5.2
[3.828s] -- Looking for gz-plugin2 -- found version 2.0.4
[3.828s] -- Looking for gz-utils2 -- found version 2.2.1
[3.829s] -- Searching for <gz-physics7> component [heightmap]
[3.835s] -- Looking for gz-physics7-heightmap -- found version 7.6.0
[3.835s] -- Searching for dependencies of gz-physics7-heightmap
[3.835s] -- Looking for gz-common5 -- found version 5.8.0
[3.836s] -- Searching for <gz-physics7> component [mesh]
[3.841s] -- Looking for gz-physics7-mesh -- found version 7.6.0
[3.841s] -- Searching for dependencies of gz-physics7-mesh
[3.842s] -- Looking for gz-common5 -- found version 5.8.0
[3.843s] -- Searching for <gz-physics7> component [sdf]
[3.847s] -- Looking for gz-physics7-sdf -- found version 7.6.0
[3.848s] -- Searching for dependencies of gz-physics7-sdf
[3.848s] -- Looking for sdformat14 -- found version 14.9.0
[3.855s] -- Looking for gz-sensors8 -- found version 8.2.2
[3.855s] -- Searching for dependencies of gz-sensors8
[3.895s] -- Looking for gz-math7 -- found version 7.5.2
[3.896s] -- Looking for gz-common5 -- found version 5.8.0
[3.896s] -- Looking for gz-transport13 -- found version 13.5.0
[3.896s] -- Looking for gz-rendering8 -- found version 8.2.3
[3.897s] -- Looking for gz-msgs10 -- found version 10.3.2
[3.897s] -- Looking for sdformat14 -- found version 14.9.0
[3.898s] -- Searching for <gz-sensors8> component [air_pressure]
[3.903s] -- Looking for gz-sensors8-air_pressure -- found version 8.2.2
[3.903s] -- Searching for dependencies of gz-sensors8-air_pressure
[3.904s] -- Searching for <gz-sensors8> component [air_speed]
[3.909s] -- Looking for gz-sensors8-air_speed -- found version 8.2.2
[3.909s] -- Searching for dependencies of gz-sensors8-air_speed
[3.910s] -- Searching for <gz-sensors8> component [altimeter]
[3.915s] -- Looking for gz-sensors8-altimeter -- found version 8.2.2
[3.915s] -- Searching for dependencies of gz-sensors8-altimeter
[3.915s] -- Searching for <gz-sensors8> component [imu]
[3.920s] -- Looking for gz-sensors8-imu -- found version 8.2.2
[3.920s] -- Searching for dependencies of gz-sensors8-imu
[3.921s] -- Searching for <gz-sensors8> component [force_torque]
[3.926s] -- Looking for gz-sensors8-force_torque -- found version 8.2.2
[3.926s] -- Searching for dependencies of gz-sensors8-force_torque
[3.926s] -- Searching for <gz-sensors8> component [logical_camera]
[3.931s] -- Looking for gz-sensors8-logical_camera -- found version 8.2.2
[3.931s] -- Searching for dependencies of gz-sensors8-logical_camera
[3.931s] -- Searching for <gz-sensors8> component [magnetometer]
[3.936s] -- Looking for gz-sensors8-magnetometer -- found version 8.2.2
[3.937s] -- Searching for dependencies of gz-sensors8-magnetometer
[3.937s] -- Searching for <gz-sensors8> component [navsat]
[3.942s] -- Looking for gz-sensors8-navsat -- found version 8.2.2
[3.942s] -- Searching for dependencies of gz-sensors8-navsat
[3.942s] -- Searching for <gz-sensors8> component [dvl]
[3.947s] -- Looking for gz-sensors8-dvl -- found version 8.2.2
[3.947s] -- Searching for dependencies of gz-sensors8-dvl
[3.947s] -- Looking for gz-sensors8 -- found version 8.2.2
[3.947s] -- Searching for dependencies of gz-sensors8
[3.989s] -- Looking for gz-math7 -- found version 7.5.2
[3.989s] -- Looking for gz-common5 -- found version 5.8.0
[3.989s] -- Looking for gz-transport13 -- found version 13.5.0
[3.990s] -- Looking for gz-rendering8 -- found version 8.2.3
[3.990s] -- Looking for gz-msgs10 -- found version 10.3.2
[3.990s] -- Looking for sdformat14 -- found version 14.9.0
[3.990s] -- Searching for <gz-sensors8> component [rendering]
[3.995s] -- Looking for gz-sensors8-rendering -- found version 8.2.2
[3.995s] -- Searching for dependencies of gz-sensors8-rendering
[3.997s] -- Searching for <gz-sensors8> component [rendering]
[3.997s] -- Searching for <gz-sensors8> component [lidar]
[4.001s] -- Looking for gz-sensors8-lidar -- found version 8.2.2
[4.002s] -- Searching for dependencies of gz-sensors8-lidar
[4.002s] -- Looking for gz-sensors8 -- found version 8.2.2
[4.003s] -- Searching for <gz-sensors8> component [gpu_lidar]
[4.007s] -- Looking for gz-sensors8-gpu_lidar -- found version 8.2.2
[4.007s] -- Searching for dependencies of gz-sensors8-gpu_lidar
[4.008s] -- Looking for gz-sensors8 -- found version 8.2.2
[4.008s] -- Searching for <gz-sensors8> component [camera]
[4.013s] -- Looking for gz-sensors8-camera -- found version 8.2.2
[4.013s] -- Searching for dependencies of gz-sensors8-camera
[4.013s] -- Looking for gz-sensors8 -- found version 8.2.2
[4.014s] -- Searching for <gz-sensors8> component [boundingbox_camera]
[4.018s] -- Looking for gz-sensors8-boundingbox_camera -- found version 8.2.2
[4.019s] -- Searching for dependencies of gz-sensors8-boundingbox_camera
[4.019s] -- Searching for <gz-sensors8> component [segmentation_camera]
[4.024s] -- Looking for gz-sensors8-segmentation_camera -- found version 8.2.2
[4.024s] -- Searching for dependencies of gz-sensors8-segmentation_camera
[4.025s] -- Searching for <gz-sensors8> component [depth_camera]
[4.029s] -- Looking for gz-sensors8-depth_camera -- found version 8.2.2
[4.029s] -- Searching for dependencies of gz-sensors8-depth_camera
[4.030s] -- Looking for gz-sensors8 -- found version 8.2.2
[4.030s] -- Searching for <gz-sensors8> component [rgbd_camera]
[4.035s] -- Looking for gz-sensors8-rgbd_camera -- found version 8.2.2
[4.035s] -- Searching for dependencies of gz-sensors8-rgbd_camera
[4.035s] -- Looking for gz-sensors8 -- found version 8.2.2
[4.036s] -- Searching for <gz-sensors8> component [thermal_camera]
[4.040s] -- Looking for gz-sensors8-thermal_camera -- found version 8.2.2
[4.040s] -- Searching for dependencies of gz-sensors8-thermal_camera
[4.040s] -- Looking for gz-sensors8 -- found version 8.2.2
[4.041s] -- Searching for <gz-sensors8> component [wide_angle_camera]
[4.045s] -- Looking for gz-sensors8-wide_angle_camera -- found version 8.2.2
[4.045s] -- Searching for dependencies of gz-sensors8-wide_angle_camera
[4.046s] -- Looking for gz-rendering8 -- found version 8.2.3
[4.047s] -- Looking for gz-math7 -- found version 7.5.2
[4.047s] -- Looking for gz-utils2 -- found version 2.2.1
[4.089s] -- Looking for gz-plugin2 -- found version 2.0.4
[4.177s] -- Configuring done (4.1s)
[4.231s] -- Generating done (0.0s)
[4.238s] -- Build files have been written to: /home/njoy/ROS/ros_ws/turtlebot3_ws/build/turtlebot3_gazebo
[4.257s] Invoked command in '/home/njoy/ROS/ros_ws/turtlebot3_ws/build/turtlebot3_gazebo' returned '0': CMAKE_PREFIX_PATH=${CMAKE_PREFIX_PATH}:/home/njoy/ROS/ros_ws/turtlebot3_ws/install/turtlebot3_teleop:/home/njoy/ROS/ros_ws/turtlebot3_ws/install/turtlebot3_example:/opt/ros/jazzy DEBUGINFOD_URLS=ima:enforcing https://debuginfod.fedoraproject.org/ ima:ignore PS1=📦[\u@rover-dev-container \W]$ /usr/bin/cmake /home/njoy/ROS/ros_ws/turtlebot3_ws/src/turtlebot3_simulations/turtlebot3_gazebo -DAMENT_CMAKE_SYMLINK_INSTALL=1 -DCMAKE_INSTALL_PREFIX=/home/njoy/ROS/ros_ws/turtlebot3_ws/install/turtlebot3_gazebo
[4.258s] Invoking command in '/home/njoy/ROS/ros_ws/turtlebot3_ws/build/turtlebot3_gazebo': CMAKE_PREFIX_PATH=${CMAKE_PREFIX_PATH}:/home/njoy/ROS/ros_ws/turtlebot3_ws/install/turtlebot3_teleop:/home/njoy/ROS/ros_ws/turtlebot3_ws/install/turtlebot3_example:/opt/ros/jazzy DEBUGINFOD_URLS=ima:enforcing https://debuginfod.fedoraproject.org/ ima:ignore PS1=📦[\u@rover-dev-container \W]$ /usr/bin/cmake --build /home/njoy/ROS/ros_ws/turtlebot3_ws/build/turtlebot3_gazebo -- -j16 -l16
[4.341s] [ 50%] [32mBuilding CXX object CMakeFiles/turtlebot3_drive.dir/src/turtlebot3_drive.cpp.o[0m
[4.342s] [ 50%] [32mBuilding CXX object CMakeFiles/obstacles.dir/src/obstacles.cpp.o[0m
[4.342s] [ 50%] [32mBuilding CXX object CMakeFiles/obstacle1.dir/src/obstacle1.cpp.o[0m
[4.342s] [ 50%] [32mBuilding CXX object CMakeFiles/obstacle2.dir/src/obstacle2.cpp.o[0m
[6.351s] [ 62%] [32m[1mLinking CXX shared library libobstacle1.so[0m
[6.362s] [ 75%] [32m[1mLinking CXX shared library libobstacle2.so[0m
[6.575s] [ 75%] Built target obstacle2
[6.575s] [ 75%] Built target obstacle1
[6.730s] [ 87%] [32m[1mLinking CXX shared library libobstacles.so[0m
[6.922s] [ 87%] Built target obstacles
[13.330s] [100%] [32m[1mLinking CXX executable turtlebot3_drive[0m
[13.703s] [100%] Built target turtlebot3_drive
[13.719s] Invoked command in '/home/njoy/ROS/ros_ws/turtlebot3_ws/build/turtlebot3_gazebo' returned '0': CMAKE_PREFIX_PATH=${CMAKE_PREFIX_PATH}:/home/njoy/ROS/ros_ws/turtlebot3_ws/install/turtlebot3_teleop:/home/njoy/ROS/ros_ws/turtlebot3_ws/install/turtlebot3_example:/opt/ros/jazzy DEBUGINFOD_URLS=ima:enforcing https://debuginfod.fedoraproject.org/ ima:ignore PS1=📦[\u@rover-dev-container \W]$ /usr/bin/cmake --build /home/njoy/ROS/ros_ws/turtlebot3_ws/build/turtlebot3_gazebo -- -j16 -l16
[13.721s] Invoking command in '/home/njoy/ROS/ros_ws/turtlebot3_ws/build/turtlebot3_gazebo': CMAKE_PREFIX_PATH=${CMAKE_PREFIX_PATH}:/home/njoy/ROS/ros_ws/turtlebot3_ws/install/turtlebot3_teleop:/home/njoy/ROS/ros_ws/turtlebot3_ws/install/turtlebot3_example:/opt/ros/jazzy DEBUGINFOD_URLS=ima:enforcing https://debuginfod.fedoraproject.org/ ima:ignore PS1=📦[\u@rover-dev-container \W]$ /usr/bin/cmake --install /home/njoy/ROS/ros_ws/turtlebot3_ws/build/turtlebot3_gazebo
[13.733s] -- Install configuration: ""
[13.741s] -- Execute custom install script
[13.741s] -- Symlinking: /home/njoy/ROS/ros_ws/turtlebot3_ws/install/turtlebot3_gazebo/lib/turtlebot3_gazebo/turtlebot3_drive
[13.754s] -- Symlinking: /home/njoy/ROS/ros_ws/turtlebot3_ws/install/turtlebot3_gazebo/lib/turtlebot3_gazebo/libobstacles.so
[13.767s] -- Symlinking: /home/njoy/ROS/ros_ws/turtlebot3_ws/install/turtlebot3_gazebo/lib/turtlebot3_gazebo/libobstacle1.so
[13.780s] -- Symlinking: /home/njoy/ROS/ros_ws/turtlebot3_ws/install/turtlebot3_gazebo/lib/turtlebot3_gazebo/libobstacle2.so
[13.793s] -- Symlinking: /home/njoy/ROS/ros_ws/turtlebot3_ws/install/turtlebot3_gazebo/share/turtlebot3_gazebo//launch/empty_world.launch.py
[13.807s] -- Symlinking: /home/njoy/ROS/ros_ws/turtlebot3_ws/install/turtlebot3_gazebo/share/turtlebot3_gazebo//launch/robot_state_publisher.launch.py
[13.819s] -- Symlinking: /home/njoy/ROS/ros_ws/turtlebot3_ws/install/turtlebot3_gazebo/share/turtlebot3_gazebo//launch/spawn_turtlebot3.launch.py
[13.832s] -- Symlinking: /home/njoy/ROS/ros_ws/turtlebot3_ws/install/turtlebot3_gazebo/share/turtlebot3_gazebo//launch/turtlebot3_dqn_stage1.launch.py
[13.845s] -- Symlinking: /home/njoy/ROS/ros_ws/turtlebot3_ws/install/turtlebot3_gazebo/share/turtlebot3_gazebo//launch/turtlebot3_dqn_stage2.launch.py
[13.858s] -- Symlinking: /home/njoy/ROS/ros_ws/turtlebot3_ws/install/turtlebot3_gazebo/share/turtlebot3_gazebo//launch/turtlebot3_dqn_stage3.launch.py
[13.871s] -- Symlinking: /home/njoy/ROS/ros_ws/turtlebot3_ws/install/turtlebot3_gazebo/share/turtlebot3_gazebo//launch/turtlebot3_dqn_stage4.launch.py
[13.883s] -- Symlinking: /home/njoy/ROS/ros_ws/turtlebot3_ws/install/turtlebot3_gazebo/share/turtlebot3_gazebo//launch/turtlebot3_house.launch.py
[13.895s] -- Symlinking: /home/njoy/ROS/ros_ws/turtlebot3_ws/install/turtlebot3_gazebo/share/turtlebot3_gazebo//launch/turtlebot3_world.launch.py
[13.907s] -- Symlinking: /home/njoy/ROS/ros_ws/turtlebot3_ws/install/turtlebot3_gazebo/share/turtlebot3_gazebo//models/turtlebot3_burger/model-1_4.sdf
[13.919s] -- Symlinking: /home/njoy/ROS/ros_ws/turtlebot3_ws/install/turtlebot3_gazebo/share/turtlebot3_gazebo//models/turtlebot3_burger/model.config
[13.930s] -- Symlinking: /home/njoy/ROS/ros_ws/turtlebot3_ws/install/turtlebot3_gazebo/share/turtlebot3_gazebo//models/turtlebot3_burger/model.sdf
[13.942s] -- Symlinking: /home/njoy/ROS/ros_ws/turtlebot3_ws/install/turtlebot3_gazebo/share/turtlebot3_gazebo//models/turtlebot3_burger_cam/model-1_4.sdf
[13.954s] -- Symlinking: /home/njoy/ROS/ros_ws/turtlebot3_ws/install/turtlebot3_gazebo/share/turtlebot3_gazebo//models/turtlebot3_burger_cam/model.config
[13.966s] -- Symlinking: /home/njoy/ROS/ros_ws/turtlebot3_ws/install/turtlebot3_gazebo/share/turtlebot3_gazebo//models/turtlebot3_burger_cam/model.sdf
[13.978s] -- Symlinking: /home/njoy/ROS/ros_ws/turtlebot3_ws/install/turtlebot3_gazebo/share/turtlebot3_gazebo//models/turtlebot3_common/meshes/bases/burger_base.stl
[13.990s] -- Symlinking: /home/njoy/ROS/ros_ws/turtlebot3_ws/install/turtlebot3_gazebo/share/turtlebot3_gazebo//models/turtlebot3_common/meshes/bases/waffle_base.stl
[14.004s] -- Symlinking: /home/njoy/ROS/ros_ws/turtlebot3_ws/install/turtlebot3_gazebo/share/turtlebot3_gazebo//models/turtlebot3_common/meshes/bases/waffle_pi_base.stl
[14.018s] -- Symlinking: /home/njoy/ROS/ros_ws/turtlebot3_ws/install/turtlebot3_gazebo/share/turtlebot3_gazebo//models/turtlebot3_common/meshes/burger_base.dae
[14.031s] -- Symlinking: /home/njoy/ROS/ros_ws/turtlebot3_ws/install/turtlebot3_gazebo/share/turtlebot3_gazebo//models/turtlebot3_common/meshes/lds.dae
[14.042s] -- Symlinking: /home/njoy/ROS/ros_ws/turtlebot3_ws/install/turtlebot3_gazebo/share/turtlebot3_gazebo//models/turtlebot3_common/meshes/r200.dae
[14.055s] -- Symlinking: /home/njoy/ROS/ros_ws/turtlebot3_ws/install/turtlebot3_gazebo/share/turtlebot3_gazebo//models/turtlebot3_common/meshes/sensors/astra.dae
[14.068s] -- Symlinking: /home/njoy/ROS/ros_ws/turtlebot3_ws/install/turtlebot3_gazebo/share/turtlebot3_gazebo//models/turtlebot3_common/meshes/sensors/astra.jpg
[14.083s] -- Symlinking: /home/njoy/ROS/ros_ws/turtlebot3_ws/install/turtlebot3_gazebo/share/turtlebot3_gazebo//models/turtlebot3_common/meshes/sensors/lds.stl
[14.096s] -- Symlinking: /home/njoy/ROS/ros_ws/turtlebot3_ws/install/turtlebot3_gazebo/share/turtlebot3_gazebo//models/turtlebot3_common/meshes/sensors/r200.dae
[14.108s] -- Symlinking: /home/njoy/ROS/ros_ws/turtlebot3_ws/install/turtlebot3_gazebo/share/turtlebot3_gazebo//models/turtlebot3_common/meshes/sensors/r200.jpg
[14.121s] -- Symlinking: /home/njoy/ROS/ros_ws/turtlebot3_ws/install/turtlebot3_gazebo/share/turtlebot3_gazebo//models/turtlebot3_common/meshes/tire.dae
[14.134s] -- Symlinking: /home/njoy/ROS/ros_ws/turtlebot3_ws/install/turtlebot3_gazebo/share/turtlebot3_gazebo//models/turtlebot3_common/meshes/waffle_base.dae
[14.147s] -- Symlinking: /home/njoy/ROS/ros_ws/turtlebot3_ws/install/turtlebot3_gazebo/share/turtlebot3_gazebo//models/turtlebot3_common/meshes/waffle_pi_base.dae
[14.160s] -- Symlinking: /home/njoy/ROS/ros_ws/turtlebot3_ws/install/turtlebot3_gazebo/share/turtlebot3_gazebo//models/turtlebot3_common/meshes/wheels/left_tire.stl
[14.172s] -- Symlinking: /home/njoy/ROS/ros_ws/turtlebot3_ws/install/turtlebot3_gazebo/share/turtlebot3_gazebo//models/turtlebot3_common/meshes/wheels/right_tire.stl
[14.184s] -- Symlinking: /home/njoy/ROS/ros_ws/turtlebot3_ws/install/turtlebot3_gazebo/share/turtlebot3_gazebo//models/turtlebot3_common/model.config
[14.196s] -- Symlinking: /home/njoy/ROS/ros_ws/turtlebot3_ws/install/turtlebot3_gazebo/share/turtlebot3_gazebo//models/turtlebot3_dqn_world/goal_box/model.config
[14.210s] -- Symlinking: /home/njoy/ROS/ros_ws/turtlebot3_ws/install/turtlebot3_gazebo/share/turtlebot3_gazebo//models/turtlebot3_dqn_world/goal_box/model.sdf
[14.223s] -- Symlinking: /home/njoy/ROS/ros_ws/turtlebot3_ws/install/turtlebot3_gazebo/share/turtlebot3_gazebo//models/turtlebot3_dqn_world/inner_walls/model.config
[14.235s] -- Symlinking: /home/njoy/ROS/ros_ws/turtlebot3_ws/install/turtlebot3_gazebo/share/turtlebot3_gazebo//models/turtlebot3_dqn_world/inner_walls/model.sdf
[14.247s] -- Symlinking: /home/njoy/ROS/ros_ws/turtlebot3_ws/install/turtlebot3_gazebo/share/turtlebot3_gazebo//models/turtlebot3_dqn_world/inner_walls/textures/wood.png
[14.260s] -- Symlinking: /home/njoy/ROS/ros_ws/turtlebot3_ws/install/turtlebot3_gazebo/share/turtlebot3_gazebo//models/turtlebot3_dqn_world/model.config
[14.273s] -- Symlinking: /home/njoy/ROS/ros_ws/turtlebot3_ws/install/turtlebot3_gazebo/share/turtlebot3_gazebo//models/turtlebot3_dqn_world/model.sdf
[14.285s] -- Symlinking: /home/njoy/ROS/ros_ws/turtlebot3_ws/install/turtlebot3_gazebo/share/turtlebot3_gazebo//models/turtlebot3_dqn_world/obstacle1/model.config
[14.296s] -- Symlinking: /home/njoy/ROS/ros_ws/turtlebot3_ws/install/turtlebot3_gazebo/share/turtlebot3_gazebo//models/turtlebot3_dqn_world/obstacle1/model.sdf
[14.307s] -- Symlinking: /home/njoy/ROS/ros_ws/turtlebot3_ws/install/turtlebot3_gazebo/share/turtlebot3_gazebo//models/turtlebot3_dqn_world/obstacle2/model.config
[14.320s] -- Symlinking: /home/njoy/ROS/ros_ws/turtlebot3_ws/install/turtlebot3_gazebo/share/turtlebot3_gazebo//models/turtlebot3_dqn_world/obstacle2/model.sdf
[14.332s] -- Symlinking: /home/njoy/ROS/ros_ws/turtlebot3_ws/install/turtlebot3_gazebo/share/turtlebot3_gazebo//models/turtlebot3_dqn_world/obstacles/model.config
[14.345s] -- Symlinking: /home/njoy/ROS/ros_ws/turtlebot3_ws/install/turtlebot3_gazebo/share/turtlebot3_gazebo//models/turtlebot3_dqn_world/obstacles/model.sdf
[14.358s] -- Symlinking: /home/njoy/ROS/ros_ws/turtlebot3_ws/install/turtlebot3_gazebo/share/turtlebot3_gazebo//models/turtlebot3_dqn_world/textures/wood.png
[14.372s] -- Symlinking: /home/njoy/ROS/ros_ws/turtlebot3_ws/install/turtlebot3_gazebo/share/turtlebot3_gazebo//models/turtlebot3_house/cafe_table/materials/textures/Maple.jpg
[14.385s] -- Symlinking: /home/njoy/ROS/ros_ws/turtlebot3_ws/install/turtlebot3_gazebo/share/turtlebot3_gazebo//models/turtlebot3_house/cafe_table/materials/textures/Wood_Floor_Dark.jpg
[14.397s] -- Symlinking: /home/njoy/ROS/ros_ws/turtlebot3_ws/install/turtlebot3_gazebo/share/turtlebot3_gazebo//models/turtlebot3_house/cafe_table/meshes/cafe_table.dae
[14.409s] -- Symlinking: /home/njoy/ROS/ros_ws/turtlebot3_ws/install/turtlebot3_gazebo/share/turtlebot3_gazebo//models/turtlebot3_house/cafe_table/model-1_4.sdf
[14.422s] -- Symlinking: /home/njoy/ROS/ros_ws/turtlebot3_ws/install/turtlebot3_gazebo/share/turtlebot3_gazebo//models/turtlebot3_house/cafe_table/model.config
[14.434s] -- Symlinking: /home/njoy/ROS/ros_ws/turtlebot3_ws/install/turtlebot3_gazebo/share/turtlebot3_gazebo//models/turtlebot3_house/cafe_table/model.sdf
[14.446s] -- Symlinking: /home/njoy/ROS/ros_ws/turtlebot3_ws/install/turtlebot3_gazebo/share/turtlebot3_gazebo//models/turtlebot3_house/first_2015_trash_can/meshes/trash_can.dae
[14.458s] -- Symlinking: /home/njoy/ROS/ros_ws/turtlebot3_ws/install/turtlebot3_gazebo/share/turtlebot3_gazebo//models/turtlebot3_house/first_2015_trash_can/model.config
[14.470s] -- Symlinking: /home/njoy/ROS/ros_ws/turtlebot3_ws/install/turtlebot3_gazebo/share/turtlebot3_gazebo//models/turtlebot3_house/first_2015_trash_can/model.sdf
[14.482s] -- Symlinking: /home/njoy/ROS/ros_ws/turtlebot3_ws/install/turtlebot3_gazebo/share/turtlebot3_gazebo//models/turtlebot3_house/mailbox/materials/scripts/mailbox.material
[14.496s] -- Symlinking: /home/njoy/ROS/ros_ws/turtlebot3_ws/install/turtlebot3_gazebo/share/turtlebot3_gazebo//models/turtlebot3_house/mailbox/materials/textures/Mailbox_Diffuse.png
[14.507s] -- Symlinking: /home/njoy/ROS/ros_ws/turtlebot3_ws/install/turtlebot3_gazebo/share/turtlebot3_gazebo//models/turtlebot3_house/mailbox/materials/textures/Mailbox_Diffuse.tga.orig
[14.520s] -- Symlinking: /home/njoy/ROS/ros_ws/turtlebot3_ws/install/turtlebot3_gazebo/share/turtlebot3_gazebo//models/turtlebot3_house/mailbox/materials/textures/Mailbox_Spec.png
[14.533s] -- Symlinking: /home/njoy/ROS/ros_ws/turtlebot3_ws/install/turtlebot3_gazebo/share/turtlebot3_gazebo//models/turtlebot3_house/mailbox/meshes/mailbox.dae
[14.545s] -- Symlinking: /home/njoy/ROS/ros_ws/turtlebot3_ws/install/turtlebot3_gazebo/share/turtlebot3_gazebo//models/turtlebot3_house/mailbox/model-1_3.sdf
[14.558s] -- Symlinking: /home/njoy/ROS/ros_ws/turtlebot3_ws/install/turtlebot3_gazebo/share/turtlebot3_gazebo//models/turtlebot3_house/mailbox/model-1_4.sdf
[14.571s] -- Symlinking: /home/njoy/ROS/ros_ws/turtlebot3_ws/install/turtlebot3_gazebo/share/turtlebot3_gazebo//models/turtlebot3_house/mailbox/model.config
[14.582s] -- Symlinking: /home/njoy/ROS/ros_ws/turtlebot3_ws/install/turtlebot3_gazebo/share/turtlebot3_gazebo//models/turtlebot3_house/mailbox/model.sdf
[14.595s] -- Symlinking: /home/njoy/ROS/ros_ws/turtlebot3_ws/install/turtlebot3_gazebo/share/turtlebot3_gazebo//models/turtlebot3_house/model.config
[14.606s] -- Symlinking: /home/njoy/ROS/ros_ws/turtlebot3_ws/install/turtlebot3_gazebo/share/turtlebot3_gazebo//models/turtlebot3_house/model.sdf
[14.620s] -- Symlinking: /home/njoy/ROS/ros_ws/turtlebot3_ws/install/turtlebot3_gazebo/share/turtlebot3_gazebo//models/turtlebot3_house/table_marble/materials/scripts/table_lightmap.material
[14.632s] -- Symlinking: /home/njoy/ROS/ros_ws/turtlebot3_ws/install/turtlebot3_gazebo/share/turtlebot3_gazebo//models/turtlebot3_house/table_marble/materials/textures/marble.png
[14.644s] -- Symlinking: /home/njoy/ROS/ros_ws/turtlebot3_ws/install/turtlebot3_gazebo/share/turtlebot3_gazebo//models/turtlebot3_house/table_marble/materials/textures/table_lightmap.png
[14.655s] -- Symlinking: /home/njoy/ROS/ros_ws/turtlebot3_ws/install/turtlebot3_gazebo/share/turtlebot3_gazebo//models/turtlebot3_house/table_marble/meshes/table_lightmap.dae
[14.667s] -- Symlinking: /home/njoy/ROS/ros_ws/turtlebot3_ws/install/turtlebot3_gazebo/share/turtlebot3_gazebo//models/turtlebot3_house/table_marble/model-1_4.sdf
[14.678s] -- Symlinking: /home/njoy/ROS/ros_ws/turtlebot3_ws/install/turtlebot3_gazebo/share/turtlebot3_gazebo//models/turtlebot3_house/table_marble/model.config
[14.690s] -- Symlinking: /home/njoy/ROS/ros_ws/turtlebot3_ws/install/turtlebot3_gazebo/share/turtlebot3_gazebo//models/turtlebot3_house/table_marble/model.sdf
[14.703s] -- Symlinking: /home/njoy/ROS/ros_ws/turtlebot3_ws/install/turtlebot3_gazebo/share/turtlebot3_gazebo//models/turtlebot3_house/textures/bricks.png
[14.716s] -- Symlinking: /home/njoy/ROS/ros_ws/turtlebot3_ws/install/turtlebot3_gazebo/share/turtlebot3_gazebo//models/turtlebot3_house/textures/wood.png
[14.728s] -- Symlinking: /home/njoy/ROS/ros_ws/turtlebot3_ws/install/turtlebot3_gazebo/share/turtlebot3_gazebo//models/turtlebot3_waffle/model-1_4.sdf
[14.740s] -- Symlinking: /home/njoy/ROS/ros_ws/turtlebot3_ws/install/turtlebot3_gazebo/share/turtlebot3_gazebo//models/turtlebot3_waffle/model.config
[14.752s] -- Symlinking: /home/njoy/ROS/ros_ws/turtlebot3_ws/install/turtlebot3_gazebo/share/turtlebot3_gazebo//models/turtlebot3_waffle/model.sdf
[14.765s] -- Symlinking: /home/njoy/ROS/ros_ws/turtlebot3_ws/install/turtlebot3_gazebo/share/turtlebot3_gazebo//models/turtlebot3_waffle_pi/model-1_4_.sdf
[14.778s] -- Symlinking: /home/njoy/ROS/ros_ws/turtlebot3_ws/install/turtlebot3_gazebo/share/turtlebot3_gazebo//models/turtlebot3_waffle_pi/model.config
[14.790s] -- Symlinking: /home/njoy/ROS/ros_ws/turtlebot3_ws/install/turtlebot3_gazebo/share/turtlebot3_gazebo//models/turtlebot3_waffle_pi/model.sdf
[14.803s] -- Symlinking: /home/njoy/ROS/ros_ws/turtlebot3_ws/install/turtlebot3_gazebo/share/turtlebot3_gazebo//models/turtlebot3_world/meshes/hexagon.dae
[14.816s] -- Symlinking: /home/njoy/ROS/ros_ws/turtlebot3_ws/install/turtlebot3_gazebo/share/turtlebot3_gazebo//models/turtlebot3_world/meshes/wall.dae
[14.831s] -- Symlinking: /home/njoy/ROS/ros_ws/turtlebot3_ws/install/turtlebot3_gazebo/share/turtlebot3_gazebo//models/turtlebot3_world/model-1_4.sdf
[14.843s] -- Symlinking: /home/njoy/ROS/ros_ws/turtlebot3_ws/install/turtlebot3_gazebo/share/turtlebot3_gazebo//models/turtlebot3_world/model.config
[14.855s] -- Symlinking: /home/njoy/ROS/ros_ws/turtlebot3_ws/install/turtlebot3_gazebo/share/turtlebot3_gazebo//models/turtlebot3_world/model.sdf
[14.868s] -- Symlinking: /home/njoy/ROS/ros_ws/turtlebot3_ws/install/turtlebot3_gazebo/share/turtlebot3_gazebo//params/turtlebot3_burger_bridge.yaml
[14.881s] -- Symlinking: /home/njoy/ROS/ros_ws/turtlebot3_ws/install/turtlebot3_gazebo/share/turtlebot3_gazebo//params/turtlebot3_burger_cam_bridge.yaml
[14.893s] -- Symlinking: /home/njoy/ROS/ros_ws/turtlebot3_ws/install/turtlebot3_gazebo/share/turtlebot3_gazebo//params/turtlebot3_waffle_bridge.yaml
[14.905s] -- Symlinking: /home/njoy/ROS/ros_ws/turtlebot3_ws/install/turtlebot3_gazebo/share/turtlebot3_gazebo//params/turtlebot3_waffle_pi_bridge.yaml
[14.917s] -- Symlinking: /home/njoy/ROS/ros_ws/turtlebot3_ws/install/turtlebot3_gazebo/share/turtlebot3_gazebo//rviz/tb3_gazebo.rviz
[14.930s] -- Symlinking: /home/njoy/ROS/ros_ws/turtlebot3_ws/install/turtlebot3_gazebo/share/turtlebot3_gazebo//urdf/common_properties.urdf
[14.942s] -- Symlinking: /home/njoy/ROS/ros_ws/turtlebot3_ws/install/turtlebot3_gazebo/share/turtlebot3_gazebo//urdf/turtlebot3_burger.urdf
[14.954s] -- Symlinking: /home/njoy/ROS/ros_ws/turtlebot3_ws/install/turtlebot3_gazebo/share/turtlebot3_gazebo//urdf/turtlebot3_burger_cam.urdf
[14.966s] -- Symlinking: /home/njoy/ROS/ros_ws/turtlebot3_ws/install/turtlebot3_gazebo/share/turtlebot3_gazebo//urdf/turtlebot3_waffle.urdf
[14.978s] -- Symlinking: /home/njoy/ROS/ros_ws/turtlebot3_ws/install/turtlebot3_gazebo/share/turtlebot3_gazebo//urdf/turtlebot3_waffle_pi.urdf
[14.990s] -- Symlinking: /home/njoy/ROS/ros_ws/turtlebot3_ws/install/turtlebot3_gazebo/share/turtlebot3_gazebo//worlds/empty_world.world
[15.002s] -- Symlinking: /home/njoy/ROS/ros_ws/turtlebot3_ws/install/turtlebot3_gazebo/share/turtlebot3_gazebo//worlds/turtlebot3_autorace_2020.world
[15.014s] -- Symlinking: /home/njoy/ROS/ros_ws/turtlebot3_ws/install/turtlebot3_gazebo/share/turtlebot3_gazebo//worlds/turtlebot3_dqn_stage1.world
[15.026s] -- Symlinking: /home/njoy/ROS/ros_ws/turtlebot3_ws/install/turtlebot3_gazebo/share/turtlebot3_gazebo//worlds/turtlebot3_dqn_stage2.world
[15.038s] -- Symlinking: /home/njoy/ROS/ros_ws/turtlebot3_ws/install/turtlebot3_gazebo/share/turtlebot3_gazebo//worlds/turtlebot3_dqn_stage3.world
[15.049s] -- Symlinking: /home/njoy/ROS/ros_ws/turtlebot3_ws/install/turtlebot3_gazebo/share/turtlebot3_gazebo//worlds/turtlebot3_dqn_stage4.world
[15.062s] -- Symlinking: /home/njoy/ROS/ros_ws/turtlebot3_ws/install/turtlebot3_gazebo/share/turtlebot3_gazebo//worlds/turtlebot3_house.world
[15.074s] -- Symlinking: /home/njoy/ROS/ros_ws/turtlebot3_ws/install/turtlebot3_gazebo/share/turtlebot3_gazebo//worlds/turtlebot3_world.world
[15.086s] -- Symlinking: /home/njoy/ROS/ros_ws/turtlebot3_ws/install/turtlebot3_gazebo/include//turtlebot3_gazebo/obstacle1.hpp
[15.099s] -- Symlinking: /home/njoy/ROS/ros_ws/turtlebot3_ws/install/turtlebot3_gazebo/include//turtlebot3_gazebo/obstacle2.hpp
[15.112s] -- Symlinking: /home/njoy/ROS/ros_ws/turtlebot3_ws/install/turtlebot3_gazebo/include//turtlebot3_gazebo/obstacles.hpp
[15.124s] -- Symlinking: /home/njoy/ROS/ros_ws/turtlebot3_ws/install/turtlebot3_gazebo/include//turtlebot3_gazebo/traffic_bar_plugin.hpp
[15.136s] -- Symlinking: /home/njoy/ROS/ros_ws/turtlebot3_ws/install/turtlebot3_gazebo/include//turtlebot3_gazebo/traffic_light_plugin.hpp
[15.149s] -- Symlinking: /home/njoy/ROS/ros_ws/turtlebot3_ws/install/turtlebot3_gazebo/include//turtlebot3_gazebo/turtlebot3_drive.hpp
[15.162s] -- Symlinking: /home/njoy/ROS/ros_ws/turtlebot3_ws/install/turtlebot3_gazebo/share/ament_index/resource_index/package_run_dependencies/turtlebot3_gazebo
[15.175s] -- Symlinking: /home/njoy/ROS/ros_ws/turtlebot3_ws/install/turtlebot3_gazebo/share/ament_index/resource_index/parent_prefix_path/turtlebot3_gazebo
[15.190s] -- Symlinking: /home/njoy/ROS/ros_ws/turtlebot3_ws/install/turtlebot3_gazebo/share/turtlebot3_gazebo/environment/ament_prefix_path.sh
[15.204s] -- Symlinking: /home/njoy/ROS/ros_ws/turtlebot3_ws/install/turtlebot3_gazebo/share/turtlebot3_gazebo/environment/ament_prefix_path.dsv
[15.217s] -- Symlinking: /home/njoy/ROS/ros_ws/turtlebot3_ws/install/turtlebot3_gazebo/share/turtlebot3_gazebo/environment/path.sh
[15.229s] -- Symlinking: /home/njoy/ROS/ros_ws/turtlebot3_ws/install/turtlebot3_gazebo/share/turtlebot3_gazebo/environment/path.dsv
[15.240s] -- Symlinking: /home/njoy/ROS/ros_ws/turtlebot3_ws/install/turtlebot3_gazebo/share/turtlebot3_gazebo/local_setup.bash
[15.252s] -- Symlinking: /home/njoy/ROS/ros_ws/turtlebot3_ws/install/turtlebot3_gazebo/share/turtlebot3_gazebo/local_setup.sh
[15.264s] -- Symlinking: /home/njoy/ROS/ros_ws/turtlebot3_ws/install/turtlebot3_gazebo/share/turtlebot3_gazebo/local_setup.zsh
[15.276s] -- Symlinking: /home/njoy/ROS/ros_ws/turtlebot3_ws/install/turtlebot3_gazebo/share/turtlebot3_gazebo/local_setup.dsv
[15.288s] -- Symlinking: /home/njoy/ROS/ros_ws/turtlebot3_ws/install/turtlebot3_gazebo/share/turtlebot3_gazebo/package.dsv
[15.301s] -- Symlinking: /home/njoy/ROS/ros_ws/turtlebot3_ws/install/turtlebot3_gazebo/share/ament_index/resource_index/packages/turtlebot3_gazebo
[15.314s] -- Symlinking: /home/njoy/ROS/ros_ws/turtlebot3_ws/install/turtlebot3_gazebo/share/turtlebot3_gazebo/cmake/ament_cmake_export_include_directories-extras.cmake
[15.326s] -- Symlinking: /home/njoy/ROS/ros_ws/turtlebot3_ws/install/turtlebot3_gazebo/share/turtlebot3_gazebo/cmake/ament_cmake_export_dependencies-extras.cmake
[15.338s] -- Symlinking: /home/njoy/ROS/ros_ws/turtlebot3_ws/install/turtlebot3_gazebo/share/turtlebot3_gazebo/cmake/turtlebot3_gazeboConfig.cmake
[15.350s] -- Symlinking: /home/njoy/ROS/ros_ws/turtlebot3_ws/install/turtlebot3_gazebo/share/turtlebot3_gazebo/cmake/turtlebot3_gazeboConfig-version.cmake
[15.363s] -- Symlinking: /home/njoy/ROS/ros_ws/turtlebot3_ws/install/turtlebot3_gazebo/share/turtlebot3_gazebo/package.xml
[15.377s] Invoked command in '/home/njoy/ROS/ros_ws/turtlebot3_ws/build/turtlebot3_gazebo' returned '0': CMAKE_PREFIX_PATH=${CMAKE_PREFIX_PATH}:/home/njoy/ROS/ros_ws/turtlebot3_ws/install/turtlebot3_teleop:/home/njoy/ROS/ros_ws/turtlebot3_ws/install/turtlebot3_example:/opt/ros/jazzy DEBUGINFOD_URLS=ima:enforcing https://debuginfod.fedoraproject.org/ ima:ignore PS1=📦[\u@rover-dev-container \W]$ /usr/bin/cmake --install /home/njoy/ROS/ros_ws/turtlebot3_ws/build/turtlebot3_gazebo
