[0.017s] Invoking command in '/home/njoy/ROS/ros_ws/turtlebot3_ws/build/turtlebot3_node': AMENT_PREFIX_PATH=/home/njoy/ROS/ros_ws/turtlebot3_ws/install/turtlebot3_msgs:/home/njoy/ROS/ros_ws/turtlebot3_ws/install/dynamixel_sdk:${AMENT_PREFIX_PATH} CMAKE_PREFIX_PATH=/home/njoy/ROS/ros_ws/turtlebot3_ws/install/turtlebot3_msgs:/home/njoy/ROS/ros_ws/turtlebot3_ws/install/dynamixel_sdk:/opt/ros/jazzy/opt/gz_sim_vendor:/opt/ros/jazzy/opt/gz_sensors_vendor:/opt/ros/jazzy/opt/gz_physics_vendor:/opt/ros/jazzy/opt/sdformat_vendor:/opt/ros/jazzy/opt/gz_gui_vendor:/opt/ros/jazzy/opt/gz_transport_vendor:/opt/ros/jazzy/opt/gz_rendering_vendor:/opt/ros/jazzy/opt/gz_plugin_vendor:/opt/ros/jazzy/opt/gz_fuel_tools_vendor:/opt/ros/jazzy/opt/gz_msgs_vendor:/opt/ros/jazzy/opt/gz_common_vendor:/opt/ros/jazzy/opt/gz_tools_vendor:/opt/ros/jazzy/opt/gz_ogre_next_vendor:/opt/ros/jazzy/opt/gz_dartsim_vendor:/opt/ros/jazzy/opt/gz_math_vendor:/opt/ros/jazzy/opt/gz_utils_vendor:/opt/ros/jazzy/opt/gz_cmake_vendor:/opt/ros/jazzy DEBUGINFOD_URLS=ima:enforcing https://debuginfod.fedoraproject.org/ ima:ignore LD_LIBRARY_PATH=/home/njoy/ROS/ros_ws/turtlebot3_ws/install/turtlebot3_msgs/lib:/home/njoy/ROS/ros_ws/turtlebot3_ws/install/dynamixel_sdk/lib:${LD_LIBRARY_PATH} PS1=📦[\u@rover-dev-container \W]$ PYTHONPATH=/home/njoy/ROS/ros_ws/turtlebot3_ws/install/turtlebot3_msgs/lib/python3.12/site-packages:/home/njoy/ROS/ros_ws/turtlebot3_ws/install/dynamixel_sdk/lib/python3.12/site-packages:${PYTHONPATH} /usr/bin/cmake /home/njoy/ROS/ros_ws/turtlebot3_ws/src/turtlebot3/turtlebot3_node -DAMENT_CMAKE_SYMLINK_INSTALL=1 -DCMAKE_INSTALL_PREFIX=/home/njoy/ROS/ros_ws/turtlebot3_ws/install/turtlebot3_node
[0.085s] -- The C compiler identification is GNU 13.3.0
[0.148s] -- The CXX compiler identification is GNU 13.3.0
[0.173s] -- Detecting C compiler ABI info
[0.301s] -- Detecting C compiler ABI info - done
[0.308s] -- Check for working C compiler: /usr/bin/cc - skipped
[0.308s] -- Detecting C compile features
[0.309s] -- Detecting C compile features - done
[0.321s] -- Detecting CXX compiler ABI info
[0.463s] -- Detecting CXX compiler ABI info - done
[0.471s] -- Check for working CXX compiler: /usr/bin/c++ - skipped
[0.471s] -- Detecting CXX compile features
[0.471s] -- Detecting CXX compile features - done
[0.479s] -- Found ament_cmake: 2.5.6 (/opt/ros/jazzy/share/ament_cmake/cmake)
[0.665s] -- Found Python3: /usr/bin/python3 (found version "3.12.3") found components: Interpreter 
[0.737s] -- Override CMake install command with custom implementation using symlinks instead of copying resources
[0.845s] -- Found dynamixel_sdk: 4.0.5 (/home/njoy/ROS/ros_ws/turtlebot3_ws/install/dynamixel_sdk/share/dynamixel_sdk/cmake)
[0.853s] -- Found geometry_msgs: 5.3.7 (/opt/ros/jazzy/share/geometry_msgs/cmake)
[0.946s] -- Found rosidl_generator_c: 4.6.7 (/opt/ros/jazzy/share/rosidl_generator_c/cmake)
[0.981s] -- Found rosidl_generator_cpp: 4.6.7 (/opt/ros/jazzy/share/rosidl_generator_cpp/cmake)
[1.013s] -- Using all available rosidl_typesupport_c: rosidl_typesupport_fastrtps_c;rosidl_typesupport_introspection_c
[1.045s] -- Using all available rosidl_typesupport_cpp: rosidl_typesupport_fastrtps_cpp;rosidl_typesupport_introspection_cpp
[1.114s] -- Found message_filters: 4.11.12 (/opt/ros/jazzy/share/message_filters/cmake)
[1.233s] -- Found rmw_implementation_cmake: 7.3.3 (/opt/ros/jazzy/share/rmw_implementation_cmake/cmake)
[1.241s] -- Found rmw_fastrtps_cpp: 8.4.3 (/opt/ros/jazzy/share/rmw_fastrtps_cpp/cmake)
[1.380s] -- Found OpenSSL: /usr/lib/x86_64-linux-gnu/libcrypto.so (found version "3.0.13")  
[1.405s] -- Found FastRTPS: /opt/ros/jazzy/include (Required is at least version "2.13") 
[1.429s] -- Using RMW implementation 'rmw_fastrtps_cpp' as default
[1.529s] -- Found nav_msgs: 5.3.7 (/opt/ros/jazzy/share/nav_msgs/cmake)
[1.571s] -- Found sensor_msgs: 5.3.7 (/opt/ros/jazzy/share/sensor_msgs/cmake)
[1.604s] -- Found std_srvs: 5.3.7 (/opt/ros/jazzy/share/std_srvs/cmake)
[1.629s] -- Found tf2: 0.36.20 (/opt/ros/jazzy/share/tf2/cmake)
[1.640s] -- Found tf2_ros: 0.36.20 (/opt/ros/jazzy/share/tf2_ros/cmake)
[1.820s] -- Found turtlebot3_msgs: 2.4.0 (/home/njoy/ROS/ros_ws/turtlebot3_ws/install/turtlebot3_msgs/share/turtlebot3_msgs/cmake)
[1.942s] -- Configuring done (1.9s)
[1.971s] -- Generating done (0.0s)
[1.976s] -- Build files have been written to: /home/njoy/ROS/ros_ws/turtlebot3_ws/build/turtlebot3_node
[1.989s] Invoked command in '/home/njoy/ROS/ros_ws/turtlebot3_ws/build/turtlebot3_node' returned '0': AMENT_PREFIX_PATH=/home/njoy/ROS/ros_ws/turtlebot3_ws/install/turtlebot3_msgs:/home/njoy/ROS/ros_ws/turtlebot3_ws/install/dynamixel_sdk:${AMENT_PREFIX_PATH} CMAKE_PREFIX_PATH=/home/njoy/ROS/ros_ws/turtlebot3_ws/install/turtlebot3_msgs:/home/njoy/ROS/ros_ws/turtlebot3_ws/install/dynamixel_sdk:/opt/ros/jazzy/opt/gz_sim_vendor:/opt/ros/jazzy/opt/gz_sensors_vendor:/opt/ros/jazzy/opt/gz_physics_vendor:/opt/ros/jazzy/opt/sdformat_vendor:/opt/ros/jazzy/opt/gz_gui_vendor:/opt/ros/jazzy/opt/gz_transport_vendor:/opt/ros/jazzy/opt/gz_rendering_vendor:/opt/ros/jazzy/opt/gz_plugin_vendor:/opt/ros/jazzy/opt/gz_fuel_tools_vendor:/opt/ros/jazzy/opt/gz_msgs_vendor:/opt/ros/jazzy/opt/gz_common_vendor:/opt/ros/jazzy/opt/gz_tools_vendor:/opt/ros/jazzy/opt/gz_ogre_next_vendor:/opt/ros/jazzy/opt/gz_dartsim_vendor:/opt/ros/jazzy/opt/gz_math_vendor:/opt/ros/jazzy/opt/gz_utils_vendor:/opt/ros/jazzy/opt/gz_cmake_vendor:/opt/ros/jazzy DEBUGINFOD_URLS=ima:enforcing https://debuginfod.fedoraproject.org/ ima:ignore LD_LIBRARY_PATH=/home/njoy/ROS/ros_ws/turtlebot3_ws/install/turtlebot3_msgs/lib:/home/njoy/ROS/ros_ws/turtlebot3_ws/install/dynamixel_sdk/lib:${LD_LIBRARY_PATH} PS1=📦[\u@rover-dev-container \W]$ PYTHONPATH=/home/njoy/ROS/ros_ws/turtlebot3_ws/install/turtlebot3_msgs/lib/python3.12/site-packages:/home/njoy/ROS/ros_ws/turtlebot3_ws/install/dynamixel_sdk/lib/python3.12/site-packages:${PYTHONPATH} /usr/bin/cmake /home/njoy/ROS/ros_ws/turtlebot3_ws/src/turtlebot3/turtlebot3_node -DAMENT_CMAKE_SYMLINK_INSTALL=1 -DCMAKE_INSTALL_PREFIX=/home/njoy/ROS/ros_ws/turtlebot3_ws/install/turtlebot3_node
[1.991s] Invoking command in '/home/njoy/ROS/ros_ws/turtlebot3_ws/build/turtlebot3_node': AMENT_PREFIX_PATH=/home/njoy/ROS/ros_ws/turtlebot3_ws/install/turtlebot3_msgs:/home/njoy/ROS/ros_ws/turtlebot3_ws/install/dynamixel_sdk:${AMENT_PREFIX_PATH} CMAKE_PREFIX_PATH=/home/njoy/ROS/ros_ws/turtlebot3_ws/install/turtlebot3_msgs:/home/njoy/ROS/ros_ws/turtlebot3_ws/install/dynamixel_sdk:/opt/ros/jazzy/opt/gz_sim_vendor:/opt/ros/jazzy/opt/gz_sensors_vendor:/opt/ros/jazzy/opt/gz_physics_vendor:/opt/ros/jazzy/opt/sdformat_vendor:/opt/ros/jazzy/opt/gz_gui_vendor:/opt/ros/jazzy/opt/gz_transport_vendor:/opt/ros/jazzy/opt/gz_rendering_vendor:/opt/ros/jazzy/opt/gz_plugin_vendor:/opt/ros/jazzy/opt/gz_fuel_tools_vendor:/opt/ros/jazzy/opt/gz_msgs_vendor:/opt/ros/jazzy/opt/gz_common_vendor:/opt/ros/jazzy/opt/gz_tools_vendor:/opt/ros/jazzy/opt/gz_ogre_next_vendor:/opt/ros/jazzy/opt/gz_dartsim_vendor:/opt/ros/jazzy/opt/gz_math_vendor:/opt/ros/jazzy/opt/gz_utils_vendor:/opt/ros/jazzy/opt/gz_cmake_vendor:/opt/ros/jazzy DEBUGINFOD_URLS=ima:enforcing https://debuginfod.fedoraproject.org/ ima:ignore LD_LIBRARY_PATH=/home/njoy/ROS/ros_ws/turtlebot3_ws/install/turtlebot3_msgs/lib:/home/njoy/ROS/ros_ws/turtlebot3_ws/install/dynamixel_sdk/lib:${LD_LIBRARY_PATH} PS1=📦[\u@rover-dev-container \W]$ PYTHONPATH=/home/njoy/ROS/ros_ws/turtlebot3_ws/install/turtlebot3_msgs/lib/python3.12/site-packages:/home/njoy/ROS/ros_ws/turtlebot3_ws/install/dynamixel_sdk/lib/python3.12/site-packages:${PYTHONPATH} /usr/bin/cmake --build /home/njoy/ROS/ros_ws/turtlebot3_ws/build/turtlebot3_node -- -j16 -l16
[2.075s] [ 28%] [32mBuilding CXX object CMakeFiles/turtlebot3_node_lib.dir/src/devices/sound.cpp.o[0m
[2.075s] [ 28%] [32mBuilding CXX object CMakeFiles/turtlebot3_node_lib.dir/src/sensors/joint_state.cpp.o[0m
[2.075s] [ 28%] [32mBuilding CXX object CMakeFiles/turtlebot3_node_lib.dir/src/sensors/battery_state.cpp.o[0m
[2.075s] [ 28%] [32mBuilding CXX object CMakeFiles/turtlebot3_node_lib.dir/src/devices/motor_power.cpp.o[0m
[2.076s] [ 42%] [32mBuilding CXX object CMakeFiles/turtlebot3_node_lib.dir/src/odometry.cpp.o[0m
[2.076s] [ 42%] [32mBuilding CXX object CMakeFiles/turtlebot3_node_lib.dir/src/devices/reset.cpp.o[0m
[2.076s] [ 50%] [32mBuilding CXX object CMakeFiles/turtlebot3_node_lib.dir/src/diff_drive_controller.cpp.o[0m
[2.076s] [ 57%] [32mBuilding CXX object CMakeFiles/turtlebot3_node_lib.dir/src/dynamixel_sdk_wrapper.cpp.o[0m
[2.077s] [ 71%] [32mBuilding CXX object CMakeFiles/turtlebot3_node_lib.dir/src/turtlebot3.cpp.o[0m
[2.077s] [ 71%] [32mBuilding CXX object CMakeFiles/turtlebot3_node_lib.dir/src/sensors/imu.cpp.o[0m
[2.077s] [ 78%] [32mBuilding CXX object CMakeFiles/turtlebot3_node_lib.dir/src/sensors/sensor_state.cpp.o[0m
[17.388s] [ 85%] [32m[1mLinking CXX static library libturtlebot3_node_lib.a[0m
[17.930s] [ 85%] Built target turtlebot3_node_lib
[17.961s] [ 92%] [32mBuilding CXX object CMakeFiles/turtlebot3_ros.dir/src/node_main.cpp.o[0m
[21.100s] [100%] [32m[1mLinking CXX executable turtlebot3_ros[0m
[22.398s] [100%] Built target turtlebot3_ros
[22.415s] Invoked command in '/home/njoy/ROS/ros_ws/turtlebot3_ws/build/turtlebot3_node' returned '0': AMENT_PREFIX_PATH=/home/njoy/ROS/ros_ws/turtlebot3_ws/install/turtlebot3_msgs:/home/njoy/ROS/ros_ws/turtlebot3_ws/install/dynamixel_sdk:${AMENT_PREFIX_PATH} CMAKE_PREFIX_PATH=/home/njoy/ROS/ros_ws/turtlebot3_ws/install/turtlebot3_msgs:/home/njoy/ROS/ros_ws/turtlebot3_ws/install/dynamixel_sdk:/opt/ros/jazzy/opt/gz_sim_vendor:/opt/ros/jazzy/opt/gz_sensors_vendor:/opt/ros/jazzy/opt/gz_physics_vendor:/opt/ros/jazzy/opt/sdformat_vendor:/opt/ros/jazzy/opt/gz_gui_vendor:/opt/ros/jazzy/opt/gz_transport_vendor:/opt/ros/jazzy/opt/gz_rendering_vendor:/opt/ros/jazzy/opt/gz_plugin_vendor:/opt/ros/jazzy/opt/gz_fuel_tools_vendor:/opt/ros/jazzy/opt/gz_msgs_vendor:/opt/ros/jazzy/opt/gz_common_vendor:/opt/ros/jazzy/opt/gz_tools_vendor:/opt/ros/jazzy/opt/gz_ogre_next_vendor:/opt/ros/jazzy/opt/gz_dartsim_vendor:/opt/ros/jazzy/opt/gz_math_vendor:/opt/ros/jazzy/opt/gz_utils_vendor:/opt/ros/jazzy/opt/gz_cmake_vendor:/opt/ros/jazzy DEBUGINFOD_URLS=ima:enforcing https://debuginfod.fedoraproject.org/ ima:ignore LD_LIBRARY_PATH=/home/njoy/ROS/ros_ws/turtlebot3_ws/install/turtlebot3_msgs/lib:/home/njoy/ROS/ros_ws/turtlebot3_ws/install/dynamixel_sdk/lib:${LD_LIBRARY_PATH} PS1=📦[\u@rover-dev-container \W]$ PYTHONPATH=/home/njoy/ROS/ros_ws/turtlebot3_ws/install/turtlebot3_msgs/lib/python3.12/site-packages:/home/njoy/ROS/ros_ws/turtlebot3_ws/install/dynamixel_sdk/lib/python3.12/site-packages:${PYTHONPATH} /usr/bin/cmake --build /home/njoy/ROS/ros_ws/turtlebot3_ws/build/turtlebot3_node -- -j16 -l16
[22.416s] Invoking command in '/home/njoy/ROS/ros_ws/turtlebot3_ws/build/turtlebot3_node': AMENT_PREFIX_PATH=/home/njoy/ROS/ros_ws/turtlebot3_ws/install/turtlebot3_msgs:/home/njoy/ROS/ros_ws/turtlebot3_ws/install/dynamixel_sdk:${AMENT_PREFIX_PATH} CMAKE_PREFIX_PATH=/home/njoy/ROS/ros_ws/turtlebot3_ws/install/turtlebot3_msgs:/home/njoy/ROS/ros_ws/turtlebot3_ws/install/dynamixel_sdk:/opt/ros/jazzy/opt/gz_sim_vendor:/opt/ros/jazzy/opt/gz_sensors_vendor:/opt/ros/jazzy/opt/gz_physics_vendor:/opt/ros/jazzy/opt/sdformat_vendor:/opt/ros/jazzy/opt/gz_gui_vendor:/opt/ros/jazzy/opt/gz_transport_vendor:/opt/ros/jazzy/opt/gz_rendering_vendor:/opt/ros/jazzy/opt/gz_plugin_vendor:/opt/ros/jazzy/opt/gz_fuel_tools_vendor:/opt/ros/jazzy/opt/gz_msgs_vendor:/opt/ros/jazzy/opt/gz_common_vendor:/opt/ros/jazzy/opt/gz_tools_vendor:/opt/ros/jazzy/opt/gz_ogre_next_vendor:/opt/ros/jazzy/opt/gz_dartsim_vendor:/opt/ros/jazzy/opt/gz_math_vendor:/opt/ros/jazzy/opt/gz_utils_vendor:/opt/ros/jazzy/opt/gz_cmake_vendor:/opt/ros/jazzy DEBUGINFOD_URLS=ima:enforcing https://debuginfod.fedoraproject.org/ ima:ignore LD_LIBRARY_PATH=/home/njoy/ROS/ros_ws/turtlebot3_ws/install/turtlebot3_msgs/lib:/home/njoy/ROS/ros_ws/turtlebot3_ws/install/dynamixel_sdk/lib:${LD_LIBRARY_PATH} PS1=📦[\u@rover-dev-container \W]$ PYTHONPATH=/home/njoy/ROS/ros_ws/turtlebot3_ws/install/turtlebot3_msgs/lib/python3.12/site-packages:/home/njoy/ROS/ros_ws/turtlebot3_ws/install/dynamixel_sdk/lib/python3.12/site-packages:${PYTHONPATH} /usr/bin/cmake --install /home/njoy/ROS/ros_ws/turtlebot3_ws/build/turtlebot3_node
[22.428s] -- Install configuration: ""
[22.437s] -- Execute custom install script
[22.438s] -- Symlinking: /home/njoy/ROS/ros_ws/turtlebot3_ws/install/turtlebot3_node/share/turtlebot3_node/param/burger.yaml
[22.451s] -- Symlinking: /home/njoy/ROS/ros_ws/turtlebot3_ws/install/turtlebot3_node/share/turtlebot3_node/param/waffle.yaml
[22.463s] -- Symlinking: /home/njoy/ROS/ros_ws/turtlebot3_ws/install/turtlebot3_node/share/turtlebot3_node/param/waffle_pi.yaml
[22.476s] -- Symlinking: /home/njoy/ROS/ros_ws/turtlebot3_ws/install/turtlebot3_node/lib/turtlebot3_node/turtlebot3_ros
[22.489s] -- Symlinking: /home/njoy/ROS/ros_ws/turtlebot3_ws/install/turtlebot3_node/share/ament_index/resource_index/package_run_dependencies/turtlebot3_node
[22.503s] -- Symlinking: /home/njoy/ROS/ros_ws/turtlebot3_ws/install/turtlebot3_node/share/ament_index/resource_index/parent_prefix_path/turtlebot3_node
[22.515s] -- Symlinking: /home/njoy/ROS/ros_ws/turtlebot3_ws/install/turtlebot3_node/share/turtlebot3_node/environment/ament_prefix_path.sh
[22.527s] -- Symlinking: /home/njoy/ROS/ros_ws/turtlebot3_ws/install/turtlebot3_node/share/turtlebot3_node/environment/ament_prefix_path.dsv
[22.540s] -- Symlinking: /home/njoy/ROS/ros_ws/turtlebot3_ws/install/turtlebot3_node/share/turtlebot3_node/environment/path.sh
[22.552s] -- Symlinking: /home/njoy/ROS/ros_ws/turtlebot3_ws/install/turtlebot3_node/share/turtlebot3_node/environment/path.dsv
[22.565s] -- Symlinking: /home/njoy/ROS/ros_ws/turtlebot3_ws/install/turtlebot3_node/share/turtlebot3_node/local_setup.bash
[22.578s] -- Symlinking: /home/njoy/ROS/ros_ws/turtlebot3_ws/install/turtlebot3_node/share/turtlebot3_node/local_setup.sh
[22.592s] -- Symlinking: /home/njoy/ROS/ros_ws/turtlebot3_ws/install/turtlebot3_node/share/turtlebot3_node/local_setup.zsh
[22.605s] -- Symlinking: /home/njoy/ROS/ros_ws/turtlebot3_ws/install/turtlebot3_node/share/turtlebot3_node/local_setup.dsv
[22.616s] -- Symlinking: /home/njoy/ROS/ros_ws/turtlebot3_ws/install/turtlebot3_node/share/turtlebot3_node/package.dsv
[22.629s] -- Symlinking: /home/njoy/ROS/ros_ws/turtlebot3_ws/install/turtlebot3_node/share/ament_index/resource_index/packages/turtlebot3_node
[22.641s] -- Symlinking: /home/njoy/ROS/ros_ws/turtlebot3_ws/install/turtlebot3_node/share/turtlebot3_node/cmake/ament_cmake_export_dependencies-extras.cmake
[22.654s] -- Symlinking: /home/njoy/ROS/ros_ws/turtlebot3_ws/install/turtlebot3_node/share/turtlebot3_node/cmake/ament_cmake_export_include_directories-extras.cmake
[22.665s] -- Symlinking: /home/njoy/ROS/ros_ws/turtlebot3_ws/install/turtlebot3_node/share/turtlebot3_node/cmake/turtlebot3_nodeConfig.cmake
[22.678s] -- Symlinking: /home/njoy/ROS/ros_ws/turtlebot3_ws/install/turtlebot3_node/share/turtlebot3_node/cmake/turtlebot3_nodeConfig-version.cmake
[22.691s] -- Symlinking: /home/njoy/ROS/ros_ws/turtlebot3_ws/install/turtlebot3_node/share/turtlebot3_node/package.xml
[22.708s] Invoked command in '/home/njoy/ROS/ros_ws/turtlebot3_ws/build/turtlebot3_node' returned '0': AMENT_PREFIX_PATH=/home/njoy/ROS/ros_ws/turtlebot3_ws/install/turtlebot3_msgs:/home/njoy/ROS/ros_ws/turtlebot3_ws/install/dynamixel_sdk:${AMENT_PREFIX_PATH} CMAKE_PREFIX_PATH=/home/njoy/ROS/ros_ws/turtlebot3_ws/install/turtlebot3_msgs:/home/njoy/ROS/ros_ws/turtlebot3_ws/install/dynamixel_sdk:/opt/ros/jazzy/opt/gz_sim_vendor:/opt/ros/jazzy/opt/gz_sensors_vendor:/opt/ros/jazzy/opt/gz_physics_vendor:/opt/ros/jazzy/opt/sdformat_vendor:/opt/ros/jazzy/opt/gz_gui_vendor:/opt/ros/jazzy/opt/gz_transport_vendor:/opt/ros/jazzy/opt/gz_rendering_vendor:/opt/ros/jazzy/opt/gz_plugin_vendor:/opt/ros/jazzy/opt/gz_fuel_tools_vendor:/opt/ros/jazzy/opt/gz_msgs_vendor:/opt/ros/jazzy/opt/gz_common_vendor:/opt/ros/jazzy/opt/gz_tools_vendor:/opt/ros/jazzy/opt/gz_ogre_next_vendor:/opt/ros/jazzy/opt/gz_dartsim_vendor:/opt/ros/jazzy/opt/gz_math_vendor:/opt/ros/jazzy/opt/gz_utils_vendor:/opt/ros/jazzy/opt/gz_cmake_vendor:/opt/ros/jazzy DEBUGINFOD_URLS=ima:enforcing https://debuginfod.fedoraproject.org/ ima:ignore LD_LIBRARY_PATH=/home/njoy/ROS/ros_ws/turtlebot3_ws/install/turtlebot3_msgs/lib:/home/njoy/ROS/ros_ws/turtlebot3_ws/install/dynamixel_sdk/lib:${LD_LIBRARY_PATH} PS1=📦[\u@rover-dev-container \W]$ PYTHONPATH=/home/njoy/ROS/ros_ws/turtlebot3_ws/install/turtlebot3_msgs/lib/python3.12/site-packages:/home/njoy/ROS/ros_ws/turtlebot3_ws/install/dynamixel_sdk/lib/python3.12/site-packages:${PYTHONPATH} /usr/bin/cmake --install /home/njoy/ROS/ros_ws/turtlebot3_ws/build/turtlebot3_node
