[0.043s] Invoking command in '/home/njoy/ROS/ros_ws/turtlebot3_ws/build/turtlebot3_navigation2': CMAKE_PREFIX_PATH=${CMAKE_PREFIX_PATH}:/opt/ros/jazzy DEBUGINFOD_URLS=ima:enforcing https://debuginfod.fedoraproject.org/ ima:ignore PS1=📦[\u@rover-dev-container \W]$ /usr/bin/cmake /home/njoy/ROS/ros_ws/turtlebot3_ws/src/turtlebot3/turtlebot3_navigation2 -DAMENT_CMAKE_SYMLINK_INSTALL=1 -DCMAKE_INSTALL_PREFIX=/home/njoy/ROS/ros_ws/turtlebot3_ws/install/turtlebot3_navigation2
[0.150s] -- The C compiler identification is GNU 13.3.0
[0.271s] -- The CXX compiler identification is GNU 13.3.0
[0.307s] -- Detecting C compiler ABI info
[0.504s] -- Detecting C compiler ABI info - done
[0.523s] -- Check for working C compiler: /usr/bin/cc - skipped
[0.524s] -- Detecting C compile features
[0.525s] -- Detecting C compile features - done
[0.545s] -- Detecting CXX compiler ABI info
[0.762s] -- Detecting CXX compiler ABI info - done
[0.789s] -- Check for working CXX compiler: /usr/bin/c++ - skipped
[0.789s] -- Detecting CXX compile features
[0.790s] -- Detecting CXX compile features - done
[0.806s] -- Found ament_cmake: 2.5.6 (/opt/ros/jazzy/share/ament_cmake/cmake)
[1.145s] -- Found Python3: /usr/bin/python3 (found version "3.12.3") found components: Interpreter 
[1.283s] -- Override CMake install command with custom implementation using symlinks instead of copying resources
[1.541s] -- Configuring done (1.5s)
[1.546s] -- Generating done (0.0s)
[1.548s] -- Build files have been written to: /home/njoy/ROS/ros_ws/turtlebot3_ws/build/turtlebot3_navigation2
[1.557s] Invoked command in '/home/njoy/ROS/ros_ws/turtlebot3_ws/build/turtlebot3_navigation2' returned '0': CMAKE_PREFIX_PATH=${CMAKE_PREFIX_PATH}:/opt/ros/jazzy DEBUGINFOD_URLS=ima:enforcing https://debuginfod.fedoraproject.org/ ima:ignore PS1=📦[\u@rover-dev-container \W]$ /usr/bin/cmake /home/njoy/ROS/ros_ws/turtlebot3_ws/src/turtlebot3/turtlebot3_navigation2 -DAMENT_CMAKE_SYMLINK_INSTALL=1 -DCMAKE_INSTALL_PREFIX=/home/njoy/ROS/ros_ws/turtlebot3_ws/install/turtlebot3_navigation2
[1.558s] Invoking command in '/home/njoy/ROS/ros_ws/turtlebot3_ws/build/turtlebot3_navigation2': CMAKE_PREFIX_PATH=${CMAKE_PREFIX_PATH}:/opt/ros/jazzy DEBUGINFOD_URLS=ima:enforcing https://debuginfod.fedoraproject.org/ ima:ignore PS1=📦[\u@rover-dev-container \W]$ /usr/bin/cmake --build /home/njoy/ROS/ros_ws/turtlebot3_ws/build/turtlebot3_navigation2 -- -j16 -l16
[1.614s] Invoked command in '/home/njoy/ROS/ros_ws/turtlebot3_ws/build/turtlebot3_navigation2' returned '0': CMAKE_PREFIX_PATH=${CMAKE_PREFIX_PATH}:/opt/ros/jazzy DEBUGINFOD_URLS=ima:enforcing https://debuginfod.fedoraproject.org/ ima:ignore PS1=📦[\u@rover-dev-container \W]$ /usr/bin/cmake --build /home/njoy/ROS/ros_ws/turtlebot3_ws/build/turtlebot3_navigation2 -- -j16 -l16
[1.629s] Invoking command in '/home/njoy/ROS/ros_ws/turtlebot3_ws/build/turtlebot3_navigation2': CMAKE_PREFIX_PATH=${CMAKE_PREFIX_PATH}:/opt/ros/jazzy DEBUGINFOD_URLS=ima:enforcing https://debuginfod.fedoraproject.org/ ima:ignore PS1=📦[\u@rover-dev-container \W]$ /usr/bin/cmake --install /home/njoy/ROS/ros_ws/turtlebot3_ws/build/turtlebot3_navigation2
[1.640s] -- Install configuration: ""
[1.641s] -- Execute custom install script
[1.641s] -- Symlinking: /home/njoy/ROS/ros_ws/turtlebot3_ws/install/turtlebot3_navigation2/share/turtlebot3_navigation2/launch/navigation2.launch.py
[1.656s] -- Symlinking: /home/njoy/ROS/ros_ws/turtlebot3_ws/install/turtlebot3_navigation2/share/turtlebot3_navigation2/map/map.pgm
[1.669s] -- Symlinking: /home/njoy/ROS/ros_ws/turtlebot3_ws/install/turtlebot3_navigation2/share/turtlebot3_navigation2/map/map.yaml
[1.682s] -- Symlinking: /home/njoy/ROS/ros_ws/turtlebot3_ws/install/turtlebot3_navigation2/share/turtlebot3_navigation2/param/burger.yaml
[1.695s] -- Symlinking: /home/njoy/ROS/ros_ws/turtlebot3_ws/install/turtlebot3_navigation2/share/turtlebot3_navigation2/param/burger_cam.yaml
[1.708s] -- Symlinking: /home/njoy/ROS/ros_ws/turtlebot3_ws/install/turtlebot3_navigation2/share/turtlebot3_navigation2/param/humble/burger.yaml
[1.720s] -- Symlinking: /home/njoy/ROS/ros_ws/turtlebot3_ws/install/turtlebot3_navigation2/share/turtlebot3_navigation2/param/humble/burger_cam.yaml
[1.732s] -- Symlinking: /home/njoy/ROS/ros_ws/turtlebot3_ws/install/turtlebot3_navigation2/share/turtlebot3_navigation2/param/humble/waffle.yaml
[1.745s] -- Symlinking: /home/njoy/ROS/ros_ws/turtlebot3_ws/install/turtlebot3_navigation2/share/turtlebot3_navigation2/param/humble/waffle_pi.yaml
[1.758s] -- Symlinking: /home/njoy/ROS/ros_ws/turtlebot3_ws/install/turtlebot3_navigation2/share/turtlebot3_navigation2/param/waffle.yaml
[1.771s] -- Symlinking: /home/njoy/ROS/ros_ws/turtlebot3_ws/install/turtlebot3_navigation2/share/turtlebot3_navigation2/param/waffle_pi.yaml
[1.784s] -- Symlinking: /home/njoy/ROS/ros_ws/turtlebot3_ws/install/turtlebot3_navigation2/share/turtlebot3_navigation2/rviz/tb3_navigation2.rviz
[1.798s] -- Symlinking: /home/njoy/ROS/ros_ws/turtlebot3_ws/install/turtlebot3_navigation2/share/ament_index/resource_index/package_run_dependencies/turtlebot3_navigation2
[1.809s] -- Symlinking: /home/njoy/ROS/ros_ws/turtlebot3_ws/install/turtlebot3_navigation2/share/ament_index/resource_index/parent_prefix_path/turtlebot3_navigation2
[1.822s] -- Symlinking: /home/njoy/ROS/ros_ws/turtlebot3_ws/install/turtlebot3_navigation2/share/turtlebot3_navigation2/environment/ament_prefix_path.sh
[1.835s] -- Symlinking: /home/njoy/ROS/ros_ws/turtlebot3_ws/install/turtlebot3_navigation2/share/turtlebot3_navigation2/environment/ament_prefix_path.dsv
[1.849s] -- Symlinking: /home/njoy/ROS/ros_ws/turtlebot3_ws/install/turtlebot3_navigation2/share/turtlebot3_navigation2/environment/path.sh
[1.871s] -- Symlinking: /home/njoy/ROS/ros_ws/turtlebot3_ws/install/turtlebot3_navigation2/share/turtlebot3_navigation2/environment/path.dsv
[1.893s] -- Symlinking: /home/njoy/ROS/ros_ws/turtlebot3_ws/install/turtlebot3_navigation2/share/turtlebot3_navigation2/local_setup.bash
[1.911s] -- Symlinking: /home/njoy/ROS/ros_ws/turtlebot3_ws/install/turtlebot3_navigation2/share/turtlebot3_navigation2/local_setup.sh
[1.934s] -- Symlinking: /home/njoy/ROS/ros_ws/turtlebot3_ws/install/turtlebot3_navigation2/share/turtlebot3_navigation2/local_setup.zsh
[1.957s] -- Symlinking: /home/njoy/ROS/ros_ws/turtlebot3_ws/install/turtlebot3_navigation2/share/turtlebot3_navigation2/local_setup.dsv
[2.011s] -- Symlinking: /home/njoy/ROS/ros_ws/turtlebot3_ws/install/turtlebot3_navigation2/share/turtlebot3_navigation2/package.dsv
[2.055s] -- Symlinking: /home/njoy/ROS/ros_ws/turtlebot3_ws/install/turtlebot3_navigation2/share/ament_index/resource_index/packages/turtlebot3_navigation2
[2.105s] -- Symlinking: /home/njoy/ROS/ros_ws/turtlebot3_ws/install/turtlebot3_navigation2/share/turtlebot3_navigation2/cmake/turtlebot3_navigation2Config.cmake
[2.133s] -- Symlinking: /home/njoy/ROS/ros_ws/turtlebot3_ws/install/turtlebot3_navigation2/share/turtlebot3_navigation2/cmake/turtlebot3_navigation2Config-version.cmake
[2.208s] -- Symlinking: /home/njoy/ROS/ros_ws/turtlebot3_ws/install/turtlebot3_navigation2/share/turtlebot3_navigation2/package.xml
[2.284s] Invoked command in '/home/njoy/ROS/ros_ws/turtlebot3_ws/build/turtlebot3_navigation2' returned '0': CMAKE_PREFIX_PATH=${CMAKE_PREFIX_PATH}:/opt/ros/jazzy DEBUGINFOD_URLS=ima:enforcing https://debuginfod.fedoraproject.org/ ima:ignore PS1=📦[\u@rover-dev-container \W]$ /usr/bin/cmake --install /home/njoy/ROS/ros_ws/turtlebot3_ws/build/turtlebot3_navigation2
